[100%] Built target adi_4dof_ik_kinematics_plugin
-- Install configuration: ""
-- Up-to-date: /home/micha/RobotArm/ROS_WS/src/install/adi_4dof_ik_kinematics_plugin/include
-- Up-to-date: /home/micha/RobotArm/ROS_WS/src/install/adi_4dof_ik_kinematics_plugin/include/adi_4dof_ik
-- Up-to-date: /home/micha/RobotArm/ROS_WS/src/install/adi_4dof_ik_kinematics_plugin/include/adi_4dof_ik/adi_4dof_ik_kinematics_plugin.hpp
-- Up-to-date: /home/micha/RobotArm/ROS_WS/src/install/adi_4dof_ik_kinematics_plugin/include/adi_4dof_ik/SerialRobot.hpp
-- Up-to-date: /home/micha/RobotArm/ROS_WS/src/install/adi_4dof_ik_kinematics_plugin/lib/libadi_4dof_ik_kinematics_plugin.so
-- Up-to-date: /home/micha/RobotArm/ROS_WS/src/install/adi_4dof_ik_kinematics_plugin/share/adi_4dof_ik_kinematics_plugin/adi_4dof_ik_kinematics_description.xml
-- Up-to-date: /home/micha/RobotArm/ROS_WS/src/install/adi_4dof_ik_kinematics_plugin/share/adi_4dof_ik_kinematics_plugin/environment/library_path.sh
-- Up-to-date: /home/micha/RobotArm/ROS_WS/src/install/adi_4dof_ik_kinematics_plugin/share/adi_4dof_ik_kinematics_plugin/environment/library_path.dsv
-- Up-to-date: /home/micha/RobotArm/ROS_WS/src/install/adi_4dof_ik_kinematics_plugin/share/ament_index/resource_index/package_run_dependencies/adi_4dof_ik_kinematics_plugin
-- Up-to-date: /home/micha/RobotArm/ROS_WS/src/install/adi_4dof_ik_kinematics_plugin/share/ament_index/resource_index/parent_prefix_path/adi_4dof_ik_kinematics_plugin
-- Up-to-date: /home/micha/RobotArm/ROS_WS/src/install/adi_4dof_ik_kinematics_plugin/share/adi_4dof_ik_kinematics_plugin/environment/ament_prefix_path.sh
-- Up-to-date: /home/micha/RobotArm/ROS_WS/src/install/adi_4dof_ik_kinematics_plugin/share/adi_4dof_ik_kinematics_plugin/environment/ament_prefix_path.dsv
-- Up-to-date: /home/micha/RobotArm/ROS_WS/src/install/adi_4dof_ik_kinematics_plugin/share/adi_4dof_ik_kinematics_plugin/environment/path.sh
-- Up-to-date: /home/micha/RobotArm/ROS_WS/src/install/adi_4dof_ik_kinematics_plugin/share/adi_4dof_ik_kinematics_plugin/environment/path.dsv
-- Up-to-date: /home/micha/RobotArm/ROS_WS/src/install/adi_4dof_ik_kinematics_plugin/share/adi_4dof_ik_kinematics_plugin/local_setup.bash
-- Up-to-date: /home/micha/RobotArm/ROS_WS/src/install/adi_4dof_ik_kinematics_plugin/share/adi_4dof_ik_kinematics_plugin/local_setup.sh
-- Up-to-date: /home/micha/RobotArm/ROS_WS/src/install/adi_4dof_ik_kinematics_plugin/share/adi_4dof_ik_kinematics_plugin/local_setup.zsh
-- Up-to-date: /home/micha/RobotArm/ROS_WS/src/install/adi_4dof_ik_kinematics_plugin/share/adi_4dof_ik_kinematics_plugin/local_setup.dsv
-- Installing: /home/micha/RobotArm/ROS_WS/src/install/adi_4dof_ik_kinematics_plugin/share/adi_4dof_ik_kinematics_plugin/package.dsv
-- Up-to-date: /home/micha/RobotArm/ROS_WS/src/install/adi_4dof_ik_kinematics_plugin/share/ament_index/resource_index/packages/adi_4dof_ik_kinematics_plugin
-- Up-to-date: /home/micha/RobotArm/ROS_WS/src/install/adi_4dof_ik_kinematics_plugin/share/ament_index/resource_index/moveit_core__pluginlib__plugin/adi_4dof_ik_kinematics_plugin
-- Up-to-date: /home/micha/RobotArm/ROS_WS/src/install/adi_4dof_ik_kinematics_plugin/share/adi_4dof_ik_kinematics_plugin/cmake/export_adi_4dof_ik_kinematics_pluginExport.cmake
-- Up-to-date: /home/micha/RobotArm/ROS_WS/src/install/adi_4dof_ik_kinematics_plugin/share/adi_4dof_ik_kinematics_plugin/cmake/export_adi_4dof_ik_kinematics_pluginExport-noconfig.cmake
-- Up-to-date: /home/micha/RobotArm/ROS_WS/src/install/adi_4dof_ik_kinematics_plugin/share/adi_4dof_ik_kinematics_plugin/cmake/ament_cmake_export_libraries-extras.cmake
-- Up-to-date: /home/micha/RobotArm/ROS_WS/src/install/adi_4dof_ik_kinematics_plugin/share/adi_4dof_ik_kinematics_plugin/cmake/ament_cmake_export_targets-extras.cmake
-- Up-to-date: /home/micha/RobotArm/ROS_WS/src/install/adi_4dof_ik_kinematics_plugin/share/adi_4dof_ik_kinematics_plugin/cmake/ament_cmake_export_dependencies-extras.cmake
-- Up-to-date: /home/micha/RobotArm/ROS_WS/src/install/adi_4dof_ik_kinematics_plugin/share/adi_4dof_ik_kinematics_plugin/cmake/ament_cmake_export_include_directories-extras.cmake
-- Up-to-date: /home/micha/RobotArm/ROS_WS/src/install/adi_4dof_ik_kinematics_plugin/share/adi_4dof_ik_kinematics_plugin/cmake/adi_4dof_ik_kinematics_pluginConfig.cmake
-- Up-to-date: /home/micha/RobotArm/ROS_WS/src/install/adi_4dof_ik_kinematics_plugin/share/adi_4dof_ik_kinematics_plugin/cmake/adi_4dof_ik_kinematics_pluginConfig-version.cmake
-- Up-to-date: /home/micha/RobotArm/ROS_WS/src/install/adi_4dof_ik_kinematics_plugin/share/adi_4dof_ik_kinematics_plugin/package.xml
