-- Install configuration: ""
-- Up-to-date: /home/micha/RobotArm/ROS_WS/src/install/adi_robotarm/share/adi_robotarm/launch
-- Up-to-date: /home/micha/RobotArm/ROS_WS/src/install/adi_robotarm/share/adi_robotarm/launch/display.launch.py
-- Up-to-date: /home/micha/RobotArm/ROS_WS/src/install/adi_robotarm/share/adi_robotarm/rviz
-- Up-to-date: /home/micha/RobotArm/ROS_WS/src/install/adi_robotarm/share/adi_robotarm/rviz/urdf.rviz
-- Up-to-date: /home/micha/RobotArm/ROS_WS/src/install/adi_robotarm/share/adi_robotarm/urdf
-- Up-to-date: /home/micha/RobotArm/ROS_WS/src/install/adi_robotarm/share/adi_robotarm/urdf/adi_robotarm.urdf
-- Up-to-date: /home/micha/RobotArm/ROS_WS/src/install/adi_robotarm/share/ament_index/resource_index/package_run_dependencies/adi_robotarm
-- Up-to-date: /home/micha/RobotArm/ROS_WS/src/install/adi_robotarm/share/ament_index/resource_index/parent_prefix_path/adi_robotarm
-- Up-to-date: /home/micha/RobotArm/ROS_WS/src/install/adi_robotarm/share/adi_robotarm/environment/ament_prefix_path.sh
-- Up-to-date: /home/micha/RobotArm/ROS_WS/src/install/adi_robotarm/share/adi_robotarm/environment/ament_prefix_path.dsv
-- Up-to-date: /home/micha/RobotArm/ROS_WS/src/install/adi_robotarm/share/adi_robotarm/environment/path.sh
-- Up-to-date: /home/micha/RobotArm/ROS_WS/src/install/adi_robotarm/share/adi_robotarm/environment/path.dsv
-- Up-to-date: /home/micha/RobotArm/ROS_WS/src/install/adi_robotarm/share/adi_robotarm/local_setup.bash
-- Up-to-date: /home/micha/RobotArm/ROS_WS/src/install/adi_robotarm/share/adi_robotarm/local_setup.sh
-- Up-to-date: /home/micha/RobotArm/ROS_WS/src/install/adi_robotarm/share/adi_robotarm/local_setup.zsh
-- Up-to-date: /home/micha/RobotArm/ROS_WS/src/install/adi_robotarm/share/adi_robotarm/local_setup.dsv
-- Up-to-date: /home/micha/RobotArm/ROS_WS/src/install/adi_robotarm/share/adi_robotarm/package.dsv
-- Up-to-date: /home/micha/RobotArm/ROS_WS/src/install/adi_robotarm/share/ament_index/resource_index/packages/adi_robotarm
-- Up-to-date: /home/micha/RobotArm/ROS_WS/src/install/adi_robotarm/share/adi_robotarm/cmake/adi_robotarmConfig.cmake
-- Up-to-date: /home/micha/RobotArm/ROS_WS/src/install/adi_robotarm/share/adi_robotarm/cmake/adi_robotarmConfig-version.cmake
-- Up-to-date: /home/micha/RobotArm/ROS_WS/src/install/adi_robotarm/share/adi_robotarm/package.xml
