[0.073s] Invoking command in '/home/micha/RobotArm/ROS_WS/src/build/adi_robotarm_moveit_config': AMENT_PREFIX_PATH=/home/micha/RobotArm/ROS_WS/src/install/adi_robotarm:${AMENT_PREFIX_PATH} CMAKE_PREFIX_PATH=/home/micha/RobotArm/ROS_WS/src/install/adi_robotarm:/home/micha/RobotArm/ROS_WS/install/point_motion:/home/micha/RobotArm/ROS_WS/install/adi_tmcm_bb4:/home/micha/RobotArm/ROS_WS/install/adi_robotarm_moveit_config:/home/micha/RobotArm/ROS_WS/install/adi_robotarm:/home/micha/RobotArm/ROS_WS/install/adi_4dof_ik:/home/micha/RobotArm/ROS_WS/install/adi_4dof_ik_kinematics_plugin:/home/micha/RobotArm/ROS_WS/install/adi_4dof_endeffector_xyz:/opt/ros/jazzy/opt/gz_sim_vendor:/opt/ros/jazzy/opt/gz_sensors_vendor:/opt/ros/jazzy/opt/gz_physics_vendor:/opt/ros/jazzy/opt/sdformat_vendor:/opt/ros/jazzy/opt/gz_gui_vendor:/opt/ros/jazzy/opt/gz_transport_vendor:/opt/ros/jazzy/opt/gz_rendering_vendor:/opt/ros/jazzy/opt/gz_plugin_vendor:/opt/ros/jazzy/opt/gz_fuel_tools_vendor:/opt/ros/jazzy/opt/gz_msgs_vendor:/opt/ros/jazzy/opt/gz_common_vendor:/opt/ros/jazzy/opt/gz_math_vendor:/opt/ros/jazzy/opt/gz_utils_vendor:/opt/ros/jazzy/opt/gz_tools_vendor:/opt/ros/jazzy/opt/gz_ogre_next_vendor:/opt/ros/jazzy/opt/gz_dartsim_vendor:/opt/ros/jazzy/opt/gz_cmake_vendor:/home/micha/RobotArm/ROS_WS/install/vision_tracker:/opt/ros/jazzy /usr/bin/cmake --build /home/micha/RobotArm/ROS_WS/src/build/adi_robotarm_moveit_config -- -j8 -l8
[0.123s] Invoked command in '/home/micha/RobotArm/ROS_WS/src/build/adi_robotarm_moveit_config' returned '0': AMENT_PREFIX_PATH=/home/micha/RobotArm/ROS_WS/src/install/adi_robotarm:${AMENT_PREFIX_PATH} CMAKE_PREFIX_PATH=/home/micha/RobotArm/ROS_WS/src/install/adi_robotarm:/home/micha/RobotArm/ROS_WS/install/point_motion:/home/micha/RobotArm/ROS_WS/install/adi_tmcm_bb4:/home/micha/RobotArm/ROS_WS/install/adi_robotarm_moveit_config:/home/micha/RobotArm/ROS_WS/install/adi_robotarm:/home/micha/RobotArm/ROS_WS/install/adi_4dof_ik:/home/micha/RobotArm/ROS_WS/install/adi_4dof_ik_kinematics_plugin:/home/micha/RobotArm/ROS_WS/install/adi_4dof_endeffector_xyz:/opt/ros/jazzy/opt/gz_sim_vendor:/opt/ros/jazzy/opt/gz_sensors_vendor:/opt/ros/jazzy/opt/gz_physics_vendor:/opt/ros/jazzy/opt/sdformat_vendor:/opt/ros/jazzy/opt/gz_gui_vendor:/opt/ros/jazzy/opt/gz_transport_vendor:/opt/ros/jazzy/opt/gz_rendering_vendor:/opt/ros/jazzy/opt/gz_plugin_vendor:/opt/ros/jazzy/opt/gz_fuel_tools_vendor:/opt/ros/jazzy/opt/gz_msgs_vendor:/opt/ros/jazzy/opt/gz_common_vendor:/opt/ros/jazzy/opt/gz_math_vendor:/opt/ros/jazzy/opt/gz_utils_vendor:/opt/ros/jazzy/opt/gz_tools_vendor:/opt/ros/jazzy/opt/gz_ogre_next_vendor:/opt/ros/jazzy/opt/gz_dartsim_vendor:/opt/ros/jazzy/opt/gz_cmake_vendor:/home/micha/RobotArm/ROS_WS/install/vision_tracker:/opt/ros/jazzy /usr/bin/cmake --build /home/micha/RobotArm/ROS_WS/src/build/adi_robotarm_moveit_config -- -j8 -l8
[0.125s] Invoking command in '/home/micha/RobotArm/ROS_WS/src/build/adi_robotarm_moveit_config': AMENT_PREFIX_PATH=/home/micha/RobotArm/ROS_WS/src/install/adi_robotarm:${AMENT_PREFIX_PATH} CMAKE_PREFIX_PATH=/home/micha/RobotArm/ROS_WS/src/install/adi_robotarm:/home/micha/RobotArm/ROS_WS/install/point_motion:/home/micha/RobotArm/ROS_WS/install/adi_tmcm_bb4:/home/micha/RobotArm/ROS_WS/install/adi_robotarm_moveit_config:/home/micha/RobotArm/ROS_WS/install/adi_robotarm:/home/micha/RobotArm/ROS_WS/install/adi_4dof_ik:/home/micha/RobotArm/ROS_WS/install/adi_4dof_ik_kinematics_plugin:/home/micha/RobotArm/ROS_WS/install/adi_4dof_endeffector_xyz:/opt/ros/jazzy/opt/gz_sim_vendor:/opt/ros/jazzy/opt/gz_sensors_vendor:/opt/ros/jazzy/opt/gz_physics_vendor:/opt/ros/jazzy/opt/sdformat_vendor:/opt/ros/jazzy/opt/gz_gui_vendor:/opt/ros/jazzy/opt/gz_transport_vendor:/opt/ros/jazzy/opt/gz_rendering_vendor:/opt/ros/jazzy/opt/gz_plugin_vendor:/opt/ros/jazzy/opt/gz_fuel_tools_vendor:/opt/ros/jazzy/opt/gz_msgs_vendor:/opt/ros/jazzy/opt/gz_common_vendor:/opt/ros/jazzy/opt/gz_math_vendor:/opt/ros/jazzy/opt/gz_utils_vendor:/opt/ros/jazzy/opt/gz_tools_vendor:/opt/ros/jazzy/opt/gz_ogre_next_vendor:/opt/ros/jazzy/opt/gz_dartsim_vendor:/opt/ros/jazzy/opt/gz_cmake_vendor:/home/micha/RobotArm/ROS_WS/install/vision_tracker:/opt/ros/jazzy /usr/bin/cmake --install /home/micha/RobotArm/ROS_WS/src/build/adi_robotarm_moveit_config
[0.137s] -- Install configuration: ""
[0.138s] -- Up-to-date: /home/micha/RobotArm/ROS_WS/src/install/adi_robotarm_moveit_config/share/ament_index/resource_index/package_run_dependencies/adi_robotarm_moveit_config
[0.138s] -- Up-to-date: /home/micha/RobotArm/ROS_WS/src/install/adi_robotarm_moveit_config/share/ament_index/resource_index/parent_prefix_path/adi_robotarm_moveit_config
[0.138s] -- Up-to-date: /home/micha/RobotArm/ROS_WS/src/install/adi_robotarm_moveit_config/share/adi_robotarm_moveit_config/environment/ament_prefix_path.sh
[0.138s] -- Up-to-date: /home/micha/RobotArm/ROS_WS/src/install/adi_robotarm_moveit_config/share/adi_robotarm_moveit_config/environment/ament_prefix_path.dsv
[0.139s] -- Up-to-date: /home/micha/RobotArm/ROS_WS/src/install/adi_robotarm_moveit_config/share/adi_robotarm_moveit_config/environment/path.sh
[0.139s] -- Up-to-date: /home/micha/RobotArm/ROS_WS/src/install/adi_robotarm_moveit_config/share/adi_robotarm_moveit_config/environment/path.dsv
[0.140s] -- Up-to-date: /home/micha/RobotArm/ROS_WS/src/install/adi_robotarm_moveit_config/share/adi_robotarm_moveit_config/local_setup.bash
[0.140s] -- Up-to-date: /home/micha/RobotArm/ROS_WS/src/install/adi_robotarm_moveit_config/share/adi_robotarm_moveit_config/local_setup.sh
[0.140s] -- Up-to-date: /home/micha/RobotArm/ROS_WS/src/install/adi_robotarm_moveit_config/share/adi_robotarm_moveit_config/local_setup.zsh
[0.140s] -- Up-to-date: /home/micha/RobotArm/ROS_WS/src/install/adi_robotarm_moveit_config/share/adi_robotarm_moveit_config/local_setup.dsv
[0.141s] -- Up-to-date: /home/micha/RobotArm/ROS_WS/src/install/adi_robotarm_moveit_config/share/adi_robotarm_moveit_config/package.dsv
[0.141s] -- Up-to-date: /home/micha/RobotArm/ROS_WS/src/install/adi_robotarm_moveit_config/share/ament_index/resource_index/packages/adi_robotarm_moveit_config
[0.141s] -- Up-to-date: /home/micha/RobotArm/ROS_WS/src/install/adi_robotarm_moveit_config/share/adi_robotarm_moveit_config/cmake/adi_robotarm_moveit_configConfig.cmake
[0.141s] -- Up-to-date: /home/micha/RobotArm/ROS_WS/src/install/adi_robotarm_moveit_config/share/adi_robotarm_moveit_config/cmake/adi_robotarm_moveit_configConfig-version.cmake
[0.142s] -- Up-to-date: /home/micha/RobotArm/ROS_WS/src/install/adi_robotarm_moveit_config/share/adi_robotarm_moveit_config/package.xml
[0.142s] -- Up-to-date: /home/micha/RobotArm/ROS_WS/src/install/adi_robotarm_moveit_config/share/adi_robotarm_moveit_config/launch
[0.142s] -- Up-to-date: /home/micha/RobotArm/ROS_WS/src/install/adi_robotarm_moveit_config/share/adi_robotarm_moveit_config/launch/static_virtual_joint_tfs.launch.py
[0.143s] -- Up-to-date: /home/micha/RobotArm/ROS_WS/src/install/adi_robotarm_moveit_config/share/adi_robotarm_moveit_config/launch/spawn_controllers.launch.py
[0.143s] -- Up-to-date: /home/micha/RobotArm/ROS_WS/src/install/adi_robotarm_moveit_config/share/adi_robotarm_moveit_config/launch/move_group.launch.py
[0.144s] -- Up-to-date: /home/micha/RobotArm/ROS_WS/src/install/adi_robotarm_moveit_config/share/adi_robotarm_moveit_config/launch/moveit_rviz.launch.py
[0.144s] -- Up-to-date: /home/micha/RobotArm/ROS_WS/src/install/adi_robotarm_moveit_config/share/adi_robotarm_moveit_config/launch/rsp.launch.py
[0.144s] -- Up-to-date: /home/micha/RobotArm/ROS_WS/src/install/adi_robotarm_moveit_config/share/adi_robotarm_moveit_config/launch/setup_assistant.launch.py
[0.144s] -- Up-to-date: /home/micha/RobotArm/ROS_WS/src/install/adi_robotarm_moveit_config/share/adi_robotarm_moveit_config/launch/warehouse_db.launch.py
[0.145s] -- Up-to-date: /home/micha/RobotArm/ROS_WS/src/install/adi_robotarm_moveit_config/share/adi_robotarm_moveit_config/launch/demo.launch.py
[0.145s] -- Up-to-date: /home/micha/RobotArm/ROS_WS/src/install/adi_robotarm_moveit_config/share/adi_robotarm_moveit_config/config
[0.145s] -- Up-to-date: /home/micha/RobotArm/ROS_WS/src/install/adi_robotarm_moveit_config/share/adi_robotarm_moveit_config/config/sensors_3d.yaml
[0.145s] -- Up-to-date: /home/micha/RobotArm/ROS_WS/src/install/adi_robotarm_moveit_config/share/adi_robotarm_moveit_config/config/kinematics.yaml
[0.146s] -- Up-to-date: /home/micha/RobotArm/ROS_WS/src/install/adi_robotarm_moveit_config/share/adi_robotarm_moveit_config/config/servo.yaml
[0.146s] -- Up-to-date: /home/micha/RobotArm/ROS_WS/src/install/adi_robotarm_moveit_config/share/adi_robotarm_moveit_config/config/ros2_controllers.yaml
[0.146s] -- Up-to-date: /home/micha/RobotArm/ROS_WS/src/install/adi_robotarm_moveit_config/share/adi_robotarm_moveit_config/config/moveit.rviz
[0.147s] -- Up-to-date: /home/micha/RobotArm/ROS_WS/src/install/adi_robotarm_moveit_config/share/adi_robotarm_moveit_config/config/visual.urdf.xacro
[0.147s] -- Up-to-date: /home/micha/RobotArm/ROS_WS/src/install/adi_robotarm_moveit_config/share/adi_robotarm_moveit_config/config/initial_positions.yaml
[0.147s] -- Up-to-date: /home/micha/RobotArm/ROS_WS/src/install/adi_robotarm_moveit_config/share/adi_robotarm_moveit_config/config/visual.ros2_control.xacro
[0.147s] -- Up-to-date: /home/micha/RobotArm/ROS_WS/src/install/adi_robotarm_moveit_config/share/adi_robotarm_moveit_config/config/pilz_cartesian_limits.yaml
[0.147s] -- Up-to-date: /home/micha/RobotArm/ROS_WS/src/install/adi_robotarm_moveit_config/share/adi_robotarm_moveit_config/config/moveit_controllers.yaml
[0.148s] -- Up-to-date: /home/micha/RobotArm/ROS_WS/src/install/adi_robotarm_moveit_config/share/adi_robotarm_moveit_config/config/visual.srdf
[0.148s] -- Up-to-date: /home/micha/RobotArm/ROS_WS/src/install/adi_robotarm_moveit_config/share/adi_robotarm_moveit_config/config/joint_limits.yaml
[0.148s] -- Up-to-date: /home/micha/RobotArm/ROS_WS/src/install/adi_robotarm_moveit_config/share/adi_robotarm_moveit_config/.setup_assistant
[0.157s] Invoked command in '/home/micha/RobotArm/ROS_WS/src/build/adi_robotarm_moveit_config' returned '0': AMENT_PREFIX_PATH=/home/micha/RobotArm/ROS_WS/src/install/adi_robotarm:${AMENT_PREFIX_PATH} CMAKE_PREFIX_PATH=/home/micha/RobotArm/ROS_WS/src/install/adi_robotarm:/home/micha/RobotArm/ROS_WS/install/point_motion:/home/micha/RobotArm/ROS_WS/install/adi_tmcm_bb4:/home/micha/RobotArm/ROS_WS/install/adi_robotarm_moveit_config:/home/micha/RobotArm/ROS_WS/install/adi_robotarm:/home/micha/RobotArm/ROS_WS/install/adi_4dof_ik:/home/micha/RobotArm/ROS_WS/install/adi_4dof_ik_kinematics_plugin:/home/micha/RobotArm/ROS_WS/install/adi_4dof_endeffector_xyz:/opt/ros/jazzy/opt/gz_sim_vendor:/opt/ros/jazzy/opt/gz_sensors_vendor:/opt/ros/jazzy/opt/gz_physics_vendor:/opt/ros/jazzy/opt/sdformat_vendor:/opt/ros/jazzy/opt/gz_gui_vendor:/opt/ros/jazzy/opt/gz_transport_vendor:/opt/ros/jazzy/opt/gz_rendering_vendor:/opt/ros/jazzy/opt/gz_plugin_vendor:/opt/ros/jazzy/opt/gz_fuel_tools_vendor:/opt/ros/jazzy/opt/gz_msgs_vendor:/opt/ros/jazzy/opt/gz_common_vendor:/opt/ros/jazzy/opt/gz_math_vendor:/opt/ros/jazzy/opt/gz_utils_vendor:/opt/ros/jazzy/opt/gz_tools_vendor:/opt/ros/jazzy/opt/gz_ogre_next_vendor:/opt/ros/jazzy/opt/gz_dartsim_vendor:/opt/ros/jazzy/opt/gz_cmake_vendor:/home/micha/RobotArm/ROS_WS/install/vision_tracker:/opt/ros/jazzy /usr/bin/cmake --install /home/micha/RobotArm/ROS_WS/src/build/adi_robotarm_moveit_config
