[0.058s] Invoking command in '/home/micha/RobotArm/ROS_WS/src/build/adi_robotarm_moveit_config': AMENT_PREFIX_PATH=/home/micha/RobotArm/ROS_WS/src/install/adi_robotarm:${AMENT_PREFIX_PATH} CMAKE_PREFIX_PATH=/home/micha/RobotArm/ROS_WS/src/install/adi_robotarm:/home/micha/RobotArm/ROS_WS/install/point_motion:/home/micha/RobotArm/ROS_WS/install/adi_tmcm_bb4:/home/micha/RobotArm/ROS_WS/install/adi_robotarm_moveit_config:/home/micha/RobotArm/ROS_WS/install/adi_robotarm:/home/micha/RobotArm/ROS_WS/install/adi_4dof_ik:/home/micha/RobotArm/ROS_WS/install/adi_4dof_ik_kinematics_plugin:/home/micha/RobotArm/ROS_WS/install/adi_4dof_endeffector_xyz:/opt/ros/jazzy/opt/gz_sim_vendor:/opt/ros/jazzy/opt/gz_sensors_vendor:/opt/ros/jazzy/opt/gz_physics_vendor:/opt/ros/jazzy/opt/sdformat_vendor:/opt/ros/jazzy/opt/gz_gui_vendor:/opt/ros/jazzy/opt/gz_transport_vendor:/opt/ros/jazzy/opt/gz_rendering_vendor:/opt/ros/jazzy/opt/gz_plugin_vendor:/opt/ros/jazzy/opt/gz_fuel_tools_vendor:/opt/ros/jazzy/opt/gz_msgs_vendor:/opt/ros/jazzy/opt/gz_common_vendor:/opt/ros/jazzy/opt/gz_math_vendor:/opt/ros/jazzy/opt/gz_utils_vendor:/opt/ros/jazzy/opt/gz_tools_vendor:/opt/ros/jazzy/opt/gz_ogre_next_vendor:/opt/ros/jazzy/opt/gz_dartsim_vendor:/opt/ros/jazzy/opt/gz_cmake_vendor:/home/micha/RobotArm/ROS_WS/install/vision_tracker:/opt/ros/jazzy /usr/bin/cmake /home/micha/RobotArm/ROS_WS/src/adi_robotarm_moveit_config -DCMAKE_INSTALL_PREFIX=/home/micha/RobotArm/ROS_WS/src/install/adi_robotarm_moveit_config
[0.212s] -- The C compiler identification is GNU 13.3.0
[0.793s] -- The CXX compiler identification is GNU 13.3.0
[1.309s] -- Detecting C compiler ABI info
[1.688s] -- Detecting C compiler ABI info - done
[1.711s] -- Check for working C compiler: /usr/bin/cc - skipped
[1.711s] -- Detecting C compile features
[1.712s] -- Detecting C compile features - done
[1.865s] -- Detecting CXX compiler ABI info
[2.260s] -- Detecting CXX compiler ABI info - done
[2.274s] -- Check for working CXX compiler: /usr/bin/c++ - skipped
[2.275s] -- Detecting CXX compile features
[2.276s] -- Detecting CXX compile features - done
[2.283s] -- Found ament_cmake: 2.5.6 (/opt/ros/jazzy/share/ament_cmake/cmake)
[2.564s] -- Found Python3: /usr/bin/python3 (found version "3.12.3") found components: Interpreter 
[2.997s] -- Configuring done (2.9s)
[3.002s] -- Generating done (0.0s)
[3.006s] -- Build files have been written to: /home/micha/RobotArm/ROS_WS/src/build/adi_robotarm_moveit_config
[3.016s] Invoked command in '/home/micha/RobotArm/ROS_WS/src/build/adi_robotarm_moveit_config' returned '0': AMENT_PREFIX_PATH=/home/micha/RobotArm/ROS_WS/src/install/adi_robotarm:${AMENT_PREFIX_PATH} CMAKE_PREFIX_PATH=/home/micha/RobotArm/ROS_WS/src/install/adi_robotarm:/home/micha/RobotArm/ROS_WS/install/point_motion:/home/micha/RobotArm/ROS_WS/install/adi_tmcm_bb4:/home/micha/RobotArm/ROS_WS/install/adi_robotarm_moveit_config:/home/micha/RobotArm/ROS_WS/install/adi_robotarm:/home/micha/RobotArm/ROS_WS/install/adi_4dof_ik:/home/micha/RobotArm/ROS_WS/install/adi_4dof_ik_kinematics_plugin:/home/micha/RobotArm/ROS_WS/install/adi_4dof_endeffector_xyz:/opt/ros/jazzy/opt/gz_sim_vendor:/opt/ros/jazzy/opt/gz_sensors_vendor:/opt/ros/jazzy/opt/gz_physics_vendor:/opt/ros/jazzy/opt/sdformat_vendor:/opt/ros/jazzy/opt/gz_gui_vendor:/opt/ros/jazzy/opt/gz_transport_vendor:/opt/ros/jazzy/opt/gz_rendering_vendor:/opt/ros/jazzy/opt/gz_plugin_vendor:/opt/ros/jazzy/opt/gz_fuel_tools_vendor:/opt/ros/jazzy/opt/gz_msgs_vendor:/opt/ros/jazzy/opt/gz_common_vendor:/opt/ros/jazzy/opt/gz_math_vendor:/opt/ros/jazzy/opt/gz_utils_vendor:/opt/ros/jazzy/opt/gz_tools_vendor:/opt/ros/jazzy/opt/gz_ogre_next_vendor:/opt/ros/jazzy/opt/gz_dartsim_vendor:/opt/ros/jazzy/opt/gz_cmake_vendor:/home/micha/RobotArm/ROS_WS/install/vision_tracker:/opt/ros/jazzy /usr/bin/cmake /home/micha/RobotArm/ROS_WS/src/adi_robotarm_moveit_config -DCMAKE_INSTALL_PREFIX=/home/micha/RobotArm/ROS_WS/src/install/adi_robotarm_moveit_config
[3.018s] Invoking command in '/home/micha/RobotArm/ROS_WS/src/build/adi_robotarm_moveit_config': AMENT_PREFIX_PATH=/home/micha/RobotArm/ROS_WS/src/install/adi_robotarm:${AMENT_PREFIX_PATH} CMAKE_PREFIX_PATH=/home/micha/RobotArm/ROS_WS/src/install/adi_robotarm:/home/micha/RobotArm/ROS_WS/install/point_motion:/home/micha/RobotArm/ROS_WS/install/adi_tmcm_bb4:/home/micha/RobotArm/ROS_WS/install/adi_robotarm_moveit_config:/home/micha/RobotArm/ROS_WS/install/adi_robotarm:/home/micha/RobotArm/ROS_WS/install/adi_4dof_ik:/home/micha/RobotArm/ROS_WS/install/adi_4dof_ik_kinematics_plugin:/home/micha/RobotArm/ROS_WS/install/adi_4dof_endeffector_xyz:/opt/ros/jazzy/opt/gz_sim_vendor:/opt/ros/jazzy/opt/gz_sensors_vendor:/opt/ros/jazzy/opt/gz_physics_vendor:/opt/ros/jazzy/opt/sdformat_vendor:/opt/ros/jazzy/opt/gz_gui_vendor:/opt/ros/jazzy/opt/gz_transport_vendor:/opt/ros/jazzy/opt/gz_rendering_vendor:/opt/ros/jazzy/opt/gz_plugin_vendor:/opt/ros/jazzy/opt/gz_fuel_tools_vendor:/opt/ros/jazzy/opt/gz_msgs_vendor:/opt/ros/jazzy/opt/gz_common_vendor:/opt/ros/jazzy/opt/gz_math_vendor:/opt/ros/jazzy/opt/gz_utils_vendor:/opt/ros/jazzy/opt/gz_tools_vendor:/opt/ros/jazzy/opt/gz_ogre_next_vendor:/opt/ros/jazzy/opt/gz_dartsim_vendor:/opt/ros/jazzy/opt/gz_cmake_vendor:/home/micha/RobotArm/ROS_WS/install/vision_tracker:/opt/ros/jazzy /usr/bin/cmake --build /home/micha/RobotArm/ROS_WS/src/build/adi_robotarm_moveit_config -- -j8 -l8
[3.095s] Invoked command in '/home/micha/RobotArm/ROS_WS/src/build/adi_robotarm_moveit_config' returned '0': AMENT_PREFIX_PATH=/home/micha/RobotArm/ROS_WS/src/install/adi_robotarm:${AMENT_PREFIX_PATH} CMAKE_PREFIX_PATH=/home/micha/RobotArm/ROS_WS/src/install/adi_robotarm:/home/micha/RobotArm/ROS_WS/install/point_motion:/home/micha/RobotArm/ROS_WS/install/adi_tmcm_bb4:/home/micha/RobotArm/ROS_WS/install/adi_robotarm_moveit_config:/home/micha/RobotArm/ROS_WS/install/adi_robotarm:/home/micha/RobotArm/ROS_WS/install/adi_4dof_ik:/home/micha/RobotArm/ROS_WS/install/adi_4dof_ik_kinematics_plugin:/home/micha/RobotArm/ROS_WS/install/adi_4dof_endeffector_xyz:/opt/ros/jazzy/opt/gz_sim_vendor:/opt/ros/jazzy/opt/gz_sensors_vendor:/opt/ros/jazzy/opt/gz_physics_vendor:/opt/ros/jazzy/opt/sdformat_vendor:/opt/ros/jazzy/opt/gz_gui_vendor:/opt/ros/jazzy/opt/gz_transport_vendor:/opt/ros/jazzy/opt/gz_rendering_vendor:/opt/ros/jazzy/opt/gz_plugin_vendor:/opt/ros/jazzy/opt/gz_fuel_tools_vendor:/opt/ros/jazzy/opt/gz_msgs_vendor:/opt/ros/jazzy/opt/gz_common_vendor:/opt/ros/jazzy/opt/gz_math_vendor:/opt/ros/jazzy/opt/gz_utils_vendor:/opt/ros/jazzy/opt/gz_tools_vendor:/opt/ros/jazzy/opt/gz_ogre_next_vendor:/opt/ros/jazzy/opt/gz_dartsim_vendor:/opt/ros/jazzy/opt/gz_cmake_vendor:/home/micha/RobotArm/ROS_WS/install/vision_tracker:/opt/ros/jazzy /usr/bin/cmake --build /home/micha/RobotArm/ROS_WS/src/build/adi_robotarm_moveit_config -- -j8 -l8
[3.097s] Invoking command in '/home/micha/RobotArm/ROS_WS/src/build/adi_robotarm_moveit_config': AMENT_PREFIX_PATH=/home/micha/RobotArm/ROS_WS/src/install/adi_robotarm:${AMENT_PREFIX_PATH} CMAKE_PREFIX_PATH=/home/micha/RobotArm/ROS_WS/src/install/adi_robotarm:/home/micha/RobotArm/ROS_WS/install/point_motion:/home/micha/RobotArm/ROS_WS/install/adi_tmcm_bb4:/home/micha/RobotArm/ROS_WS/install/adi_robotarm_moveit_config:/home/micha/RobotArm/ROS_WS/install/adi_robotarm:/home/micha/RobotArm/ROS_WS/install/adi_4dof_ik:/home/micha/RobotArm/ROS_WS/install/adi_4dof_ik_kinematics_plugin:/home/micha/RobotArm/ROS_WS/install/adi_4dof_endeffector_xyz:/opt/ros/jazzy/opt/gz_sim_vendor:/opt/ros/jazzy/opt/gz_sensors_vendor:/opt/ros/jazzy/opt/gz_physics_vendor:/opt/ros/jazzy/opt/sdformat_vendor:/opt/ros/jazzy/opt/gz_gui_vendor:/opt/ros/jazzy/opt/gz_transport_vendor:/opt/ros/jazzy/opt/gz_rendering_vendor:/opt/ros/jazzy/opt/gz_plugin_vendor:/opt/ros/jazzy/opt/gz_fuel_tools_vendor:/opt/ros/jazzy/opt/gz_msgs_vendor:/opt/ros/jazzy/opt/gz_common_vendor:/opt/ros/jazzy/opt/gz_math_vendor:/opt/ros/jazzy/opt/gz_utils_vendor:/opt/ros/jazzy/opt/gz_tools_vendor:/opt/ros/jazzy/opt/gz_ogre_next_vendor:/opt/ros/jazzy/opt/gz_dartsim_vendor:/opt/ros/jazzy/opt/gz_cmake_vendor:/home/micha/RobotArm/ROS_WS/install/vision_tracker:/opt/ros/jazzy /usr/bin/cmake --install /home/micha/RobotArm/ROS_WS/src/build/adi_robotarm_moveit_config
[3.110s] -- Install configuration: ""
[3.111s] -- Installing: /home/micha/RobotArm/ROS_WS/src/install/adi_robotarm_moveit_config/share/ament_index/resource_index/package_run_dependencies/adi_robotarm_moveit_config
[3.112s] -- Installing: /home/micha/RobotArm/ROS_WS/src/install/adi_robotarm_moveit_config/share/ament_index/resource_index/parent_prefix_path/adi_robotarm_moveit_config
[3.113s] -- Installing: /home/micha/RobotArm/ROS_WS/src/install/adi_robotarm_moveit_config/share/adi_robotarm_moveit_config/environment/ament_prefix_path.sh
[3.114s] -- Installing: /home/micha/RobotArm/ROS_WS/src/install/adi_robotarm_moveit_config/share/adi_robotarm_moveit_config/environment/ament_prefix_path.dsv
[3.114s] -- Installing: /home/micha/RobotArm/ROS_WS/src/install/adi_robotarm_moveit_config/share/adi_robotarm_moveit_config/environment/path.sh
[3.115s] -- Installing: /home/micha/RobotArm/ROS_WS/src/install/adi_robotarm_moveit_config/share/adi_robotarm_moveit_config/environment/path.dsv
[3.115s] -- Installing: /home/micha/RobotArm/ROS_WS/src/install/adi_robotarm_moveit_config/share/adi_robotarm_moveit_config/local_setup.bash
[3.115s] -- Installing: /home/micha/RobotArm/ROS_WS/src/install/adi_robotarm_moveit_config/share/adi_robotarm_moveit_config/local_setup.sh
[3.116s] -- Installing: /home/micha/RobotArm/ROS_WS/src/install/adi_robotarm_moveit_config/share/adi_robotarm_moveit_config/local_setup.zsh
[3.116s] -- Installing: /home/micha/RobotArm/ROS_WS/src/install/adi_robotarm_moveit_config/share/adi_robotarm_moveit_config/local_setup.dsv
[3.116s] -- Installing: /home/micha/RobotArm/ROS_WS/src/install/adi_robotarm_moveit_config/share/adi_robotarm_moveit_config/package.dsv
[3.117s] -- Installing: /home/micha/RobotArm/ROS_WS/src/install/adi_robotarm_moveit_config/share/ament_index/resource_index/packages/adi_robotarm_moveit_config
[3.117s] -- Installing: /home/micha/RobotArm/ROS_WS/src/install/adi_robotarm_moveit_config/share/adi_robotarm_moveit_config/cmake/adi_robotarm_moveit_configConfig.cmake
[3.118s] -- Installing: /home/micha/RobotArm/ROS_WS/src/install/adi_robotarm_moveit_config/share/adi_robotarm_moveit_config/cmake/adi_robotarm_moveit_configConfig-version.cmake
[3.118s] -- Installing: /home/micha/RobotArm/ROS_WS/src/install/adi_robotarm_moveit_config/share/adi_robotarm_moveit_config/package.xml
[3.119s] -- Installing: /home/micha/RobotArm/ROS_WS/src/install/adi_robotarm_moveit_config/share/adi_robotarm_moveit_config/launch
[3.119s] -- Installing: /home/micha/RobotArm/ROS_WS/src/install/adi_robotarm_moveit_config/share/adi_robotarm_moveit_config/launch/static_virtual_joint_tfs.launch.py
[3.120s] -- Installing: /home/micha/RobotArm/ROS_WS/src/install/adi_robotarm_moveit_config/share/adi_robotarm_moveit_config/launch/spawn_controllers.launch.py
[3.120s] -- Installing: /home/micha/RobotArm/ROS_WS/src/install/adi_robotarm_moveit_config/share/adi_robotarm_moveit_config/launch/move_group.launch.py
[3.121s] -- Installing: /home/micha/RobotArm/ROS_WS/src/install/adi_robotarm_moveit_config/share/adi_robotarm_moveit_config/launch/moveit_rviz.launch.py
[3.122s] -- Installing: /home/micha/RobotArm/ROS_WS/src/install/adi_robotarm_moveit_config/share/adi_robotarm_moveit_config/launch/rsp.launch.py
[3.122s] -- Installing: /home/micha/RobotArm/ROS_WS/src/install/adi_robotarm_moveit_config/share/adi_robotarm_moveit_config/launch/setup_assistant.launch.py
[3.123s] -- Installing: /home/micha/RobotArm/ROS_WS/src/install/adi_robotarm_moveit_config/share/adi_robotarm_moveit_config/launch/warehouse_db.launch.py
[3.124s] -- Installing: /home/micha/RobotArm/ROS_WS/src/install/adi_robotarm_moveit_config/share/adi_robotarm_moveit_config/launch/demo.launch.py
[3.124s] -- Installing: /home/micha/RobotArm/ROS_WS/src/install/adi_robotarm_moveit_config/share/adi_robotarm_moveit_config/config
[3.125s] -- Installing: /home/micha/RobotArm/ROS_WS/src/install/adi_robotarm_moveit_config/share/adi_robotarm_moveit_config/config/sensors_3d.yaml
[3.125s] -- Installing: /home/micha/RobotArm/ROS_WS/src/install/adi_robotarm_moveit_config/share/adi_robotarm_moveit_config/config/kinematics.yaml
[3.126s] -- Installing: /home/micha/RobotArm/ROS_WS/src/install/adi_robotarm_moveit_config/share/adi_robotarm_moveit_config/config/servo.yaml
[3.126s] -- Installing: /home/micha/RobotArm/ROS_WS/src/install/adi_robotarm_moveit_config/share/adi_robotarm_moveit_config/config/ros2_controllers.yaml
[3.129s] -- Installing: /home/micha/RobotArm/ROS_WS/src/install/adi_robotarm_moveit_config/share/adi_robotarm_moveit_config/config/moveit.rviz
[3.129s] -- Installing: /home/micha/RobotArm/ROS_WS/src/install/adi_robotarm_moveit_config/share/adi_robotarm_moveit_config/config/visual.urdf.xacro
[3.129s] -- Installing: /home/micha/RobotArm/ROS_WS/src/install/adi_robotarm_moveit_config/share/adi_robotarm_moveit_config/config/initial_positions.yaml
[3.129s] -- Installing: /home/micha/RobotArm/ROS_WS/src/install/adi_robotarm_moveit_config/share/adi_robotarm_moveit_config/config/visual.ros2_control.xacro
[3.130s] -- Installing: /home/micha/RobotArm/ROS_WS/src/install/adi_robotarm_moveit_config/share/adi_robotarm_moveit_config/config/pilz_cartesian_limits.yaml
[3.130s] -- Installing: /home/micha/RobotArm/ROS_WS/src/install/adi_robotarm_moveit_config/share/adi_robotarm_moveit_config/config/moveit_controllers.yaml
[3.130s] -- Installing: /home/micha/RobotArm/ROS_WS/src/install/adi_robotarm_moveit_config/share/adi_robotarm_moveit_config/config/visual.srdf
[3.130s] -- Installing: /home/micha/RobotArm/ROS_WS/src/install/adi_robotarm_moveit_config/share/adi_robotarm_moveit_config/config/joint_limits.yaml
[3.130s] -- Installing: /home/micha/RobotArm/ROS_WS/src/install/adi_robotarm_moveit_config/share/adi_robotarm_moveit_config/.setup_assistant
[3.132s] Invoked command in '/home/micha/RobotArm/ROS_WS/src/build/adi_robotarm_moveit_config' returned '0': AMENT_PREFIX_PATH=/home/micha/RobotArm/ROS_WS/src/install/adi_robotarm:${AMENT_PREFIX_PATH} CMAKE_PREFIX_PATH=/home/micha/RobotArm/ROS_WS/src/install/adi_robotarm:/home/micha/RobotArm/ROS_WS/install/point_motion:/home/micha/RobotArm/ROS_WS/install/adi_tmcm_bb4:/home/micha/RobotArm/ROS_WS/install/adi_robotarm_moveit_config:/home/micha/RobotArm/ROS_WS/install/adi_robotarm:/home/micha/RobotArm/ROS_WS/install/adi_4dof_ik:/home/micha/RobotArm/ROS_WS/install/adi_4dof_ik_kinematics_plugin:/home/micha/RobotArm/ROS_WS/install/adi_4dof_endeffector_xyz:/opt/ros/jazzy/opt/gz_sim_vendor:/opt/ros/jazzy/opt/gz_sensors_vendor:/opt/ros/jazzy/opt/gz_physics_vendor:/opt/ros/jazzy/opt/sdformat_vendor:/opt/ros/jazzy/opt/gz_gui_vendor:/opt/ros/jazzy/opt/gz_transport_vendor:/opt/ros/jazzy/opt/gz_rendering_vendor:/opt/ros/jazzy/opt/gz_plugin_vendor:/opt/ros/jazzy/opt/gz_fuel_tools_vendor:/opt/ros/jazzy/opt/gz_msgs_vendor:/opt/ros/jazzy/opt/gz_common_vendor:/opt/ros/jazzy/opt/gz_math_vendor:/opt/ros/jazzy/opt/gz_utils_vendor:/opt/ros/jazzy/opt/gz_tools_vendor:/opt/ros/jazzy/opt/gz_ogre_next_vendor:/opt/ros/jazzy/opt/gz_dartsim_vendor:/opt/ros/jazzy/opt/gz_cmake_vendor:/home/micha/RobotArm/ROS_WS/install/vision_tracker:/opt/ros/jazzy /usr/bin/cmake --install /home/micha/RobotArm/ROS_WS/src/build/adi_robotarm_moveit_config
