-- The C compiler identification is GNU 13.3.0
-- The CXX compiler identification is GNU 13.3.0
-- Detecting C compiler ABI info
-- Detecting C compiler ABI info - done
-- Check for working C compiler: /usr/bin/cc - skipped
-- Detecting C compile features
-- Detecting C compile features - done
-- Detecting CXX compiler ABI info
-- Detecting CXX compiler ABI info - done
-- Check for working CXX compiler: /usr/bin/c++ - skipped
-- Detecting CXX compile features
-- Detecting CXX compile features - done
-- Found ament_cmake: 2.5.6 (/opt/ros/jazzy/share/ament_cmake/cmake)
-- Found Python3: /usr/bin/python3 (found version "3.12.3") found components: Interpreter 
-- Found ament_cmake_ros: 0.12.0 (/opt/ros/jazzy/share/ament_cmake_ros/cmake)
-- Found rcl: 9.2.9 (/opt/ros/jazzy/share/rcl/cmake)
-- Found rosidl_generator_c: 4.6.7 (/opt/ros/jazzy/share/rosidl_generator_c/cmake)
-- Found rosidl_generator_cpp: 4.6.7 (/opt/ros/jazzy/share/rosidl_generator_cpp/cmake)
-- Using all available rosidl_typesupport_c: rosidl_typesupport_fastrtps_c;rosidl_typesupport_introspection_c
-- Using all available rosidl_typesupport_cpp: rosidl_typesupport_fastrtps_cpp;rosidl_typesupport_introspection_cpp
-- Found rmw_implementation_cmake: 7.3.3 (/opt/ros/jazzy/share/rmw_implementation_cmake/cmake)
-- Found rmw_fastrtps_cpp: 8.4.3 (/opt/ros/jazzy/share/rmw_fastrtps_cpp/cmake)
-- Found OpenSSL: /usr/lib/x86_64-linux-gnu/libcrypto.so (found version "3.0.13")  
-- Found FastRTPS: /opt/ros/jazzy/include (Required is at least version "2.13") 
-- Using RMW implementation 'rmw_fastrtps_cpp' as default
-- Found rclcpp: 28.1.18 (/opt/ros/jazzy/share/rclcpp/cmake)
-- Found rclcpp_components: 28.1.18 (/opt/ros/jazzy/share/rclcpp_components/cmake)
-- Found std_msgs: 5.3.7 (/opt/ros/jazzy/share/std_msgs/cmake)
-- Found action_msgs: 2.0.3 (/opt/ros/jazzy/share/action_msgs/cmake)
-- Found moveit_msgs: 2.6.0 (/opt/ros/jazzy/share/moveit_msgs/cmake)
-- Found ament_lint_auto: 0.17.5 (/opt/ros/jazzy/share/ament_lint_auto/cmake)
-- Added test 'cppcheck' to perform static code analysis on C / C++ code
-- Configured cppcheck include dirs: $<BUILD_INTERFACE:/home/micha/RobotArm/ROS_WS/src/adi_tmcm_bb4/include>
-- Configured cppcheck exclude dirs and/or files: 
-- Added test 'lint_cmake' to check CMake code style
-- Added test 'uncrustify' to check C / C++ code style
-- Configured uncrustify additional arguments: 
-- Added test 'xmllint' to check XML markup files
-- Configuring done (5.5s)
-- Generating done (0.0s)
-- Build files have been written to: /home/micha/RobotArm/ROS_WS/src/build/adi_tmcm_bb4
[  0%] Built target tmcm_bb4_canopen_autogen_timestamp_deps
[ 12%] [34m[1mAutomatic MOC and UIC for target tmcm_bb4_canopen[0m
[ 12%] Built target tmcm_bb4_canopen_autogen
[ 25%] [32mBuilding CXX object CMakeFiles/tmcm_bb4_canopen.dir/src/CanOpen.cpp.o[0m
[ 50%] [32mBuilding CXX object CMakeFiles/tmcm_bb4_canopen.dir/tmcm_bb4_canopen_autogen/mocs_compilation.cpp.o[0m
[ 50%] [32mBuilding CXX object CMakeFiles/tmcm_bb4_canopen.dir/src/TmcmBb4CanOpen.cpp.o[0m
[ 62%] [32mBuilding CXX object CMakeFiles/tmcm_bb4_canopen.dir/src/tmcm_bb4_canopen.cpp.o[0m
[ 75%] [32mBuilding CXX object CMakeFiles/tmcm_bb4_canopen.dir/src/Tmcm1637CanOpen.cpp.o[0m
[ 87%] [32m[1mLinking CXX executable tmcm_bb4_canopen[0m
[100%] Built target tmcm_bb4_canopen
-- Install configuration: ""
-- Installing: /home/micha/RobotArm/ROS_WS/src/install/adi_tmcm_bb4/lib/adi_tmcm_bb4/tmcm_bb4_canopen
-- Set non-toolchain portion of runtime path of "/home/micha/RobotArm/ROS_WS/src/install/adi_tmcm_bb4/lib/adi_tmcm_bb4/tmcm_bb4_canopen" to ""
-- Installing: /home/micha/RobotArm/ROS_WS/src/install/adi_tmcm_bb4/share/ament_index/resource_index/package_run_dependencies/adi_tmcm_bb4
-- Installing: /home/micha/RobotArm/ROS_WS/src/install/adi_tmcm_bb4/share/ament_index/resource_index/parent_prefix_path/adi_tmcm_bb4
-- Installing: /home/micha/RobotArm/ROS_WS/src/install/adi_tmcm_bb4/share/adi_tmcm_bb4/environment/ament_prefix_path.sh
-- Installing: /home/micha/RobotArm/ROS_WS/src/install/adi_tmcm_bb4/share/adi_tmcm_bb4/environment/ament_prefix_path.dsv
-- Installing: /home/micha/RobotArm/ROS_WS/src/install/adi_tmcm_bb4/share/adi_tmcm_bb4/environment/path.sh
-- Installing: /home/micha/RobotArm/ROS_WS/src/install/adi_tmcm_bb4/share/adi_tmcm_bb4/environment/path.dsv
-- Installing: /home/micha/RobotArm/ROS_WS/src/install/adi_tmcm_bb4/share/adi_tmcm_bb4/local_setup.bash
-- Installing: /home/micha/RobotArm/ROS_WS/src/install/adi_tmcm_bb4/share/adi_tmcm_bb4/local_setup.sh
-- Installing: /home/micha/RobotArm/ROS_WS/src/install/adi_tmcm_bb4/share/adi_tmcm_bb4/local_setup.zsh
-- Installing: /home/micha/RobotArm/ROS_WS/src/install/adi_tmcm_bb4/share/adi_tmcm_bb4/local_setup.dsv
-- Installing: /home/micha/RobotArm/ROS_WS/src/install/adi_tmcm_bb4/share/adi_tmcm_bb4/package.dsv
-- Installing: /home/micha/RobotArm/ROS_WS/src/install/adi_tmcm_bb4/share/ament_index/resource_index/packages/adi_tmcm_bb4
-- Installing: /home/micha/RobotArm/ROS_WS/src/install/adi_tmcm_bb4/share/adi_tmcm_bb4/cmake/adi_tmcm_bb4Config.cmake
-- Installing: /home/micha/RobotArm/ROS_WS/src/install/adi_tmcm_bb4/share/adi_tmcm_bb4/cmake/adi_tmcm_bb4Config-version.cmake
-- Installing: /home/micha/RobotArm/ROS_WS/src/install/adi_tmcm_bb4/share/adi_tmcm_bb4/package.xml
