[0.035s] Invoking command in '/home/micha/RobotArm/ROS_WS/src/build/adi_tmcm_bb4': CMAKE_PREFIX_PATH=${CMAKE_PREFIX_PATH}:/home/micha/RobotArm/ROS_WS/install/vision_tracker:/opt/ros/jazzy /usr/bin/cmake /home/micha/RobotArm/ROS_WS/src/adi_tmcm_bb4 -DCMAKE_INSTALL_PREFIX=/home/micha/RobotArm/ROS_WS/src/install/adi_tmcm_bb4
[0.197s] -- The C compiler identification is GNU 13.3.0
[1.109s] -- The CXX compiler identification is GNU 13.3.0
[1.855s] -- Detecting C compiler ABI info
[2.178s] -- Detecting C compiler ABI info - done
[2.191s] -- Check for working C compiler: /usr/bin/cc - skipped
[2.191s] -- Detecting C compile features
[2.192s] -- Detecting C compile features - done
[2.317s] -- Detecting CXX compiler ABI info
[2.732s] -- Detecting CXX compiler ABI info - done
[2.746s] -- Check for working CXX compiler: /usr/bin/c++ - skipped
[2.746s] -- Detecting CXX compile features
[2.747s] -- Detecting CXX compile features - done
[2.754s] -- Found ament_cmake: 2.5.6 (/opt/ros/jazzy/share/ament_cmake/cmake)
[2.979s] -- Found Python3: /usr/bin/python3 (found version "3.12.3") found components: Interpreter 
[3.168s] -- Found ament_cmake_ros: 0.12.0 (/opt/ros/jazzy/share/ament_cmake_ros/cmake)
[3.189s] -- Found rcl: 9.2.9 (/opt/ros/jazzy/share/rcl/cmake)
[3.471s] -- Found rosidl_generator_c: 4.6.7 (/opt/ros/jazzy/share/rosidl_generator_c/cmake)
[3.497s] -- Found rosidl_generator_cpp: 4.6.7 (/opt/ros/jazzy/share/rosidl_generator_cpp/cmake)
[3.529s] -- Using all available rosidl_typesupport_c: rosidl_typesupport_fastrtps_c;rosidl_typesupport_introspection_c
[3.562s] -- Using all available rosidl_typesupport_cpp: rosidl_typesupport_fastrtps_cpp;rosidl_typesupport_introspection_cpp
[3.680s] -- Found rmw_implementation_cmake: 7.3.3 (/opt/ros/jazzy/share/rmw_implementation_cmake/cmake)
[3.687s] -- Found rmw_fastrtps_cpp: 8.4.3 (/opt/ros/jazzy/share/rmw_fastrtps_cpp/cmake)
[3.830s] -- Found OpenSSL: /usr/lib/x86_64-linux-gnu/libcrypto.so (found version "3.0.13")  
[4.109s] -- Found FastRTPS: /opt/ros/jazzy/include (Required is at least version "2.13") 
[4.267s] -- Using RMW implementation 'rmw_fastrtps_cpp' as default
[4.307s] -- Found rclcpp: 28.1.18 (/opt/ros/jazzy/share/rclcpp/cmake)
[4.605s] -- Found rclcpp_components: 28.1.18 (/opt/ros/jazzy/share/rclcpp_components/cmake)
[4.677s] -- Found std_msgs: 5.3.7 (/opt/ros/jazzy/share/std_msgs/cmake)
[4.708s] -- Found action_msgs: 2.0.3 (/opt/ros/jazzy/share/action_msgs/cmake)
[4.776s] -- Found moveit_msgs: 2.6.0 (/opt/ros/jazzy/share/moveit_msgs/cmake)
[5.260s] -- Found ament_lint_auto: 0.17.5 (/opt/ros/jazzy/share/ament_lint_auto/cmake)
[5.501s] -- Added test 'cppcheck' to perform static code analysis on C / C++ code
[5.501s] -- Configured cppcheck include dirs: $<BUILD_INTERFACE:/home/micha/RobotArm/ROS_WS/src/adi_tmcm_bb4/include>
[5.501s] -- Configured cppcheck exclude dirs and/or files: 
[5.504s] -- Added test 'lint_cmake' to check CMake code style
[5.508s] -- Added test 'uncrustify' to check C / C++ code style
[5.508s] -- Configured uncrustify additional arguments: 
[5.511s] -- Added test 'xmllint' to check XML markup files
[5.515s] -- Configuring done (5.5s)
[5.577s] -- Generating done (0.0s)
[5.587s] -- Build files have been written to: /home/micha/RobotArm/ROS_WS/src/build/adi_tmcm_bb4
[5.613s] Invoked command in '/home/micha/RobotArm/ROS_WS/src/build/adi_tmcm_bb4' returned '0': CMAKE_PREFIX_PATH=${CMAKE_PREFIX_PATH}:/home/micha/RobotArm/ROS_WS/install/vision_tracker:/opt/ros/jazzy /usr/bin/cmake /home/micha/RobotArm/ROS_WS/src/adi_tmcm_bb4 -DCMAKE_INSTALL_PREFIX=/home/micha/RobotArm/ROS_WS/src/install/adi_tmcm_bb4
[5.614s] Invoking command in '/home/micha/RobotArm/ROS_WS/src/build/adi_tmcm_bb4': CMAKE_PREFIX_PATH=${CMAKE_PREFIX_PATH}:/home/micha/RobotArm/ROS_WS/install/vision_tracker:/opt/ros/jazzy /usr/bin/cmake --build /home/micha/RobotArm/ROS_WS/src/build/adi_tmcm_bb4 -- -j8 -l8
[5.707s] [  0%] Built target tmcm_bb4_canopen_autogen_timestamp_deps
[5.745s] [ 12%] [34m[1mAutomatic MOC and UIC for target tmcm_bb4_canopen[0m
[6.452s] [ 12%] Built target tmcm_bb4_canopen_autogen
[6.503s] [ 25%] [32mBuilding CXX object CMakeFiles/tmcm_bb4_canopen.dir/src/CanOpen.cpp.o[0m
[6.504s] [ 50%] [32mBuilding CXX object CMakeFiles/tmcm_bb4_canopen.dir/tmcm_bb4_canopen_autogen/mocs_compilation.cpp.o[0m
[6.504s] [ 50%] [32mBuilding CXX object CMakeFiles/tmcm_bb4_canopen.dir/src/TmcmBb4CanOpen.cpp.o[0m
[6.504s] [ 62%] [32mBuilding CXX object CMakeFiles/tmcm_bb4_canopen.dir/src/tmcm_bb4_canopen.cpp.o[0m
[6.509s] [ 75%] [32mBuilding CXX object CMakeFiles/tmcm_bb4_canopen.dir/src/Tmcm1637CanOpen.cpp.o[0m
[27.463s] [ 87%] [32m[1mLinking CXX executable tmcm_bb4_canopen[0m
[28.262s] [100%] Built target tmcm_bb4_canopen
[28.275s] Invoked command in '/home/micha/RobotArm/ROS_WS/src/build/adi_tmcm_bb4' returned '0': CMAKE_PREFIX_PATH=${CMAKE_PREFIX_PATH}:/home/micha/RobotArm/ROS_WS/install/vision_tracker:/opt/ros/jazzy /usr/bin/cmake --build /home/micha/RobotArm/ROS_WS/src/build/adi_tmcm_bb4 -- -j8 -l8
[28.276s] Invoking command in '/home/micha/RobotArm/ROS_WS/src/build/adi_tmcm_bb4': CMAKE_PREFIX_PATH=${CMAKE_PREFIX_PATH}:/home/micha/RobotArm/ROS_WS/install/vision_tracker:/opt/ros/jazzy /usr/bin/cmake --install /home/micha/RobotArm/ROS_WS/src/build/adi_tmcm_bb4
[28.284s] -- Install configuration: ""
[28.285s] -- Installing: /home/micha/RobotArm/ROS_WS/src/install/adi_tmcm_bb4/lib/adi_tmcm_bb4/tmcm_bb4_canopen
[28.292s] -- Set non-toolchain portion of runtime path of "/home/micha/RobotArm/ROS_WS/src/install/adi_tmcm_bb4/lib/adi_tmcm_bb4/tmcm_bb4_canopen" to ""
[28.293s] -- Installing: /home/micha/RobotArm/ROS_WS/src/install/adi_tmcm_bb4/share/ament_index/resource_index/package_run_dependencies/adi_tmcm_bb4
[28.293s] -- Installing: /home/micha/RobotArm/ROS_WS/src/install/adi_tmcm_bb4/share/ament_index/resource_index/parent_prefix_path/adi_tmcm_bb4
[28.294s] -- Installing: /home/micha/RobotArm/ROS_WS/src/install/adi_tmcm_bb4/share/adi_tmcm_bb4/environment/ament_prefix_path.sh
[28.294s] -- Installing: /home/micha/RobotArm/ROS_WS/src/install/adi_tmcm_bb4/share/adi_tmcm_bb4/environment/ament_prefix_path.dsv
[28.294s] -- Installing: /home/micha/RobotArm/ROS_WS/src/install/adi_tmcm_bb4/share/adi_tmcm_bb4/environment/path.sh
[28.294s] -- Installing: /home/micha/RobotArm/ROS_WS/src/install/adi_tmcm_bb4/share/adi_tmcm_bb4/environment/path.dsv
[28.295s] -- Installing: /home/micha/RobotArm/ROS_WS/src/install/adi_tmcm_bb4/share/adi_tmcm_bb4/local_setup.bash
[28.295s] -- Installing: /home/micha/RobotArm/ROS_WS/src/install/adi_tmcm_bb4/share/adi_tmcm_bb4/local_setup.sh
[28.295s] -- Installing: /home/micha/RobotArm/ROS_WS/src/install/adi_tmcm_bb4/share/adi_tmcm_bb4/local_setup.zsh
[28.295s] -- Installing: /home/micha/RobotArm/ROS_WS/src/install/adi_tmcm_bb4/share/adi_tmcm_bb4/local_setup.dsv
[28.296s] -- Installing: /home/micha/RobotArm/ROS_WS/src/install/adi_tmcm_bb4/share/adi_tmcm_bb4/package.dsv
[28.296s] -- Installing: /home/micha/RobotArm/ROS_WS/src/install/adi_tmcm_bb4/share/ament_index/resource_index/packages/adi_tmcm_bb4
[28.296s] -- Installing: /home/micha/RobotArm/ROS_WS/src/install/adi_tmcm_bb4/share/adi_tmcm_bb4/cmake/adi_tmcm_bb4Config.cmake
[28.296s] -- Installing: /home/micha/RobotArm/ROS_WS/src/install/adi_tmcm_bb4/share/adi_tmcm_bb4/cmake/adi_tmcm_bb4Config-version.cmake
[28.296s] -- Installing: /home/micha/RobotArm/ROS_WS/src/install/adi_tmcm_bb4/share/adi_tmcm_bb4/package.xml
[28.299s] Invoked command in '/home/micha/RobotArm/ROS_WS/src/build/adi_tmcm_bb4' returned '0': CMAKE_PREFIX_PATH=${CMAKE_PREFIX_PATH}:/home/micha/RobotArm/ROS_WS/install/vision_tracker:/opt/ros/jazzy /usr/bin/cmake --install /home/micha/RobotArm/ROS_WS/src/build/adi_tmcm_bb4
