running egg_info
creating ../build/vision_tracker/vision_tracker.egg-info
writing ../build/vision_tracker/vision_tracker.egg-info/PKG-INFO
writing dependency_links to ../build/vision_tracker/vision_tracker.egg-info/dependency_links.txt
writing entry points to ../build/vision_tracker/vision_tracker.egg-info/entry_points.txt
writing requirements to ../build/vision_tracker/vision_tracker.egg-info/requires.txt
writing top-level names to ../build/vision_tracker/vision_tracker.egg-info/top_level.txt
writing manifest file '../build/vision_tracker/vision_tracker.egg-info/SOURCES.txt'
reading manifest file '../build/vision_tracker/vision_tracker.egg-info/SOURCES.txt'
writing manifest file '../build/vision_tracker/vision_tracker.egg-info/SOURCES.txt'
running build
running build_py
creating /home/micha/RobotArm/ROS_WS/src/build/vision_tracker/build
creating /home/micha/RobotArm/ROS_WS/src/build/vision_tracker/build/lib
creating /home/micha/RobotArm/ROS_WS/src/build/vision_tracker/build/lib/vision_tracker
copying vision_tracker/__init__.py -> /home/micha/RobotArm/ROS_WS/src/build/vision_tracker/build/lib/vision_tracker
copying vision_tracker/hotspot_tracker.py -> /home/micha/RobotArm/ROS_WS/src/build/vision_tracker/build/lib/vision_tracker
running install
running install_lib
creating /home/micha/RobotArm/ROS_WS/src/install/vision_tracker/lib/python3.12/site-packages/vision_tracker
copying /home/micha/RobotArm/ROS_WS/src/build/vision_tracker/build/lib/vision_tracker/__init__.py -> /home/micha/RobotArm/ROS_WS/src/install/vision_tracker/lib/python3.12/site-packages/vision_tracker
copying /home/micha/RobotArm/ROS_WS/src/build/vision_tracker/build/lib/vision_tracker/hotspot_tracker.py -> /home/micha/RobotArm/ROS_WS/src/install/vision_tracker/lib/python3.12/site-packages/vision_tracker
byte-compiling /home/micha/RobotArm/ROS_WS/src/install/vision_tracker/lib/python3.12/site-packages/vision_tracker/__init__.py to __init__.cpython-312.pyc
byte-compiling /home/micha/RobotArm/ROS_WS/src/install/vision_tracker/lib/python3.12/site-packages/vision_tracker/hotspot_tracker.py to hotspot_tracker.cpython-312.pyc
running install_data
creating /home/micha/RobotArm/ROS_WS/src/install/vision_tracker/share/ament_index
creating /home/micha/RobotArm/ROS_WS/src/install/vision_tracker/share/ament_index/resource_index
creating /home/micha/RobotArm/ROS_WS/src/install/vision_tracker/share/ament_index/resource_index/packages
copying resource/vision_tracker -> /home/micha/RobotArm/ROS_WS/src/install/vision_tracker/share/ament_index/resource_index/packages
copying package.xml -> /home/micha/RobotArm/ROS_WS/src/install/vision_tracker/share/vision_tracker
running install_egg_info
Copying ../build/vision_tracker/vision_tracker.egg-info to /home/micha/RobotArm/ROS_WS/src/install/vision_tracker/lib/python3.12/site-packages/vision_tracker-0.0.0-py3.12.egg-info
running install_scripts
Installing hotspot_tracker script to /home/micha/RobotArm/ROS_WS/src/install/vision_tracker/lib/vision_tracker
writing list of installed files to '/home/micha/RobotArm/ROS_WS/src/build/vision_tracker/install.log'
