[ 50%] Built target point_following_2d
[100%] Built target point_motion
-- Install configuration: ""
-- Up-to-date: /home/micha/RobotArm/ROS_WS/src/install/point_motion/lib/point_motion/point_motion
-- Up-to-date: /home/micha/RobotArm/ROS_WS/src/install/point_motion/lib/point_motion/point_following_2d
-- Up-to-date: /home/micha/RobotArm/ROS_WS/src/install/point_motion/share/point_motion/launch
-- Installing: /home/micha/RobotArm/ROS_WS/src/install/point_motion/share/point_motion/launch/vision_servo.launch.py
-- Up-to-date: /home/micha/RobotArm/ROS_WS/src/install/point_motion/share/ament_index/resource_index/package_run_dependencies/point_motion
-- Up-to-date: /home/micha/RobotArm/ROS_WS/src/install/point_motion/share/ament_index/resource_index/parent_prefix_path/point_motion
-- Up-to-date: /home/micha/RobotArm/ROS_WS/src/install/point_motion/share/point_motion/environment/ament_prefix_path.sh
-- Up-to-date: /home/micha/RobotArm/ROS_WS/src/install/point_motion/share/point_motion/environment/ament_prefix_path.dsv
-- Up-to-date: /home/micha/RobotArm/ROS_WS/src/install/point_motion/share/point_motion/environment/path.sh
-- Up-to-date: /home/micha/RobotArm/ROS_WS/src/install/point_motion/share/point_motion/environment/path.dsv
-- Up-to-date: /home/micha/RobotArm/ROS_WS/src/install/point_motion/share/point_motion/local_setup.bash
-- Up-to-date: /home/micha/RobotArm/ROS_WS/src/install/point_motion/share/point_motion/local_setup.sh
-- Up-to-date: /home/micha/RobotArm/ROS_WS/src/install/point_motion/share/point_motion/local_setup.zsh
-- Up-to-date: /home/micha/RobotArm/ROS_WS/src/install/point_motion/share/point_motion/local_setup.dsv
-- Installing: /home/micha/RobotArm/ROS_WS/src/install/point_motion/share/point_motion/package.dsv
-- Up-to-date: /home/micha/RobotArm/ROS_WS/src/install/point_motion/share/ament_index/resource_index/packages/point_motion
-- Up-to-date: /home/micha/RobotArm/ROS_WS/src/install/point_motion/share/point_motion/cmake/point_motionConfig.cmake
-- Up-to-date: /home/micha/RobotArm/ROS_WS/src/install/point_motion/share/point_motion/cmake/point_motionConfig-version.cmake
-- Up-to-date: /home/micha/RobotArm/ROS_WS/src/install/point_motion/share/point_motion/package.xml
