[0.045s] Invoking command in '/home/micha/RobotArm/ROS_WS/src/build/point_motion': CMAKE_PREFIX_PATH=${CMAKE_PREFIX_PATH}:/home/micha/RobotArm/ROS_WS/install/vision_tracker:/opt/ros/jazzy /usr/bin/cmake --build /home/micha/RobotArm/ROS_WS/src/build/point_motion -- -j8 -l8
[0.220s] [ 50%] Built target point_following_2d
[0.220s] [100%] Built target point_motion
[0.351s] Invoked command in '/home/micha/RobotArm/ROS_WS/src/build/point_motion' returned '0': CMAKE_PREFIX_PATH=${CMAKE_PREFIX_PATH}:/home/micha/RobotArm/ROS_WS/install/vision_tracker:/opt/ros/jazzy /usr/bin/cmake --build /home/micha/RobotArm/ROS_WS/src/build/point_motion -- -j8 -l8
[0.352s] Invoking command in '/home/micha/RobotArm/ROS_WS/src/build/point_motion': CMAKE_PREFIX_PATH=${CMAKE_PREFIX_PATH}:/home/micha/RobotArm/ROS_WS/install/vision_tracker:/opt/ros/jazzy /usr/bin/cmake --install /home/micha/RobotArm/ROS_WS/src/build/point_motion
[0.373s] -- Install configuration: ""
[0.377s] -- Up-to-date: /home/micha/RobotArm/ROS_WS/src/install/point_motion/lib/point_motion/point_motion
[0.377s] -- Up-to-date: /home/micha/RobotArm/ROS_WS/src/install/point_motion/lib/point_motion/point_following_2d
[0.377s] -- Up-to-date: /home/micha/RobotArm/ROS_WS/src/install/point_motion/share/point_motion/launch
[0.378s] -- Installing: /home/micha/RobotArm/ROS_WS/src/install/point_motion/share/point_motion/launch/vision_servo.launch.py
[0.378s] -- Up-to-date: /home/micha/RobotArm/ROS_WS/src/install/point_motion/share/ament_index/resource_index/package_run_dependencies/point_motion
[0.378s] -- Up-to-date: /home/micha/RobotArm/ROS_WS/src/install/point_motion/share/ament_index/resource_index/parent_prefix_path/point_motion
[0.378s] -- Up-to-date: /home/micha/RobotArm/ROS_WS/src/install/point_motion/share/point_motion/environment/ament_prefix_path.sh
[0.378s] -- Up-to-date: /home/micha/RobotArm/ROS_WS/src/install/point_motion/share/point_motion/environment/ament_prefix_path.dsv
[0.379s] -- Up-to-date: /home/micha/RobotArm/ROS_WS/src/install/point_motion/share/point_motion/environment/path.sh
[0.379s] -- Up-to-date: /home/micha/RobotArm/ROS_WS/src/install/point_motion/share/point_motion/environment/path.dsv
[0.379s] -- Up-to-date: /home/micha/RobotArm/ROS_WS/src/install/point_motion/share/point_motion/local_setup.bash
[0.379s] -- Up-to-date: /home/micha/RobotArm/ROS_WS/src/install/point_motion/share/point_motion/local_setup.sh
[0.379s] -- Up-to-date: /home/micha/RobotArm/ROS_WS/src/install/point_motion/share/point_motion/local_setup.zsh
[0.379s] -- Up-to-date: /home/micha/RobotArm/ROS_WS/src/install/point_motion/share/point_motion/local_setup.dsv
[0.380s] -- Installing: /home/micha/RobotArm/ROS_WS/src/install/point_motion/share/point_motion/package.dsv
[0.380s] -- Up-to-date: /home/micha/RobotArm/ROS_WS/src/install/point_motion/share/ament_index/resource_index/packages/point_motion
[0.380s] -- Up-to-date: /home/micha/RobotArm/ROS_WS/src/install/point_motion/share/point_motion/cmake/point_motionConfig.cmake
[0.380s] -- Up-to-date: /home/micha/RobotArm/ROS_WS/src/install/point_motion/share/point_motion/cmake/point_motionConfig-version.cmake
[0.381s] -- Up-to-date: /home/micha/RobotArm/ROS_WS/src/install/point_motion/share/point_motion/package.xml
[0.448s] Invoked command in '/home/micha/RobotArm/ROS_WS/src/build/point_motion' returned '0': CMAKE_PREFIX_PATH=${CMAKE_PREFIX_PATH}:/home/micha/RobotArm/ROS_WS/install/vision_tracker:/opt/ros/jazzy /usr/bin/cmake --install /home/micha/RobotArm/ROS_WS/src/build/point_motion
