[0.056s] Invoking command in '/home/micha/RobotArm/ROS_WS/src/build/moveit_servo': AMENT_PREFIX_PATH=/home/micha/RobotArm/ROS_WS/src/install/adi_robotarm:${AMENT_PREFIX_PATH} CMAKE_PREFIX_PATH=/home/micha/RobotArm/ROS_WS/src/install/adi_robotarm:/home/micha/RobotArm/ROS_WS/install/point_motion:/home/micha/RobotArm/ROS_WS/install/adi_tmcm_bb4:/home/micha/RobotArm/ROS_WS/install/adi_robotarm_moveit_config:/home/micha/RobotArm/ROS_WS/install/adi_robotarm:/home/micha/RobotArm/ROS_WS/install/adi_4dof_ik:/home/micha/RobotArm/ROS_WS/install/adi_4dof_ik_kinematics_plugin:/home/micha/RobotArm/ROS_WS/install/adi_4dof_endeffector_xyz:/opt/ros/jazzy/opt/gz_sim_vendor:/opt/ros/jazzy/opt/gz_sensors_vendor:/opt/ros/jazzy/opt/gz_physics_vendor:/opt/ros/jazzy/opt/sdformat_vendor:/opt/ros/jazzy/opt/gz_gui_vendor:/opt/ros/jazzy/opt/gz_transport_vendor:/opt/ros/jazzy/opt/gz_rendering_vendor:/opt/ros/jazzy/opt/gz_plugin_vendor:/opt/ros/jazzy/opt/gz_fuel_tools_vendor:/opt/ros/jazzy/opt/gz_msgs_vendor:/opt/ros/jazzy/opt/gz_common_vendor:/opt/ros/jazzy/opt/gz_math_vendor:/opt/ros/jazzy/opt/gz_utils_vendor:/opt/ros/jazzy/opt/gz_tools_vendor:/opt/ros/jazzy/opt/gz_ogre_next_vendor:/opt/ros/jazzy/opt/gz_dartsim_vendor:/opt/ros/jazzy/opt/gz_cmake_vendor:/home/micha/RobotArm/ROS_WS/install/vision_tracker:/opt/ros/jazzy /usr/bin/cmake /home/micha/RobotArm/ROS_WS/src/moveit_servo -DCMAKE_INSTALL_PREFIX=/home/micha/RobotArm/ROS_WS/src/install/moveit_servo
[0.207s] -- The C compiler identification is GNU 13.3.0
[0.778s] -- The CXX compiler identification is GNU 13.3.0
[1.265s] -- Detecting C compiler ABI info
[1.674s] -- Detecting C compiler ABI info - done
[1.687s] -- Check for working C compiler: /usr/bin/cc - skipped
[1.688s] -- Detecting C compile features
[1.688s] -- Detecting C compile features - done
[1.852s] -- Detecting CXX compiler ABI info
[2.238s] -- Detecting CXX compiler ABI info - done
[2.263s] -- Check for working CXX compiler: /usr/bin/c++ - skipped
[2.263s] -- Detecting CXX compile features
[2.264s] -- Detecting CXX compile features - done
[2.277s] -- Found ament_cmake: 2.5.6 (/opt/ros/jazzy/share/ament_cmake/cmake)
[2.588s] -- Found Python3: /usr/bin/python3 (found version "3.12.3") found components: Interpreter 
[3.068s] -- Configuring done (3.0s)
[3.077s] -- Generating done (0.0s)
[3.082s] -- Build files have been written to: /home/micha/RobotArm/ROS_WS/src/build/moveit_servo
[3.091s] Invoked command in '/home/micha/RobotArm/ROS_WS/src/build/moveit_servo' returned '0': AMENT_PREFIX_PATH=/home/micha/RobotArm/ROS_WS/src/install/adi_robotarm:${AMENT_PREFIX_PATH} CMAKE_PREFIX_PATH=/home/micha/RobotArm/ROS_WS/src/install/adi_robotarm:/home/micha/RobotArm/ROS_WS/install/point_motion:/home/micha/RobotArm/ROS_WS/install/adi_tmcm_bb4:/home/micha/RobotArm/ROS_WS/install/adi_robotarm_moveit_config:/home/micha/RobotArm/ROS_WS/install/adi_robotarm:/home/micha/RobotArm/ROS_WS/install/adi_4dof_ik:/home/micha/RobotArm/ROS_WS/install/adi_4dof_ik_kinematics_plugin:/home/micha/RobotArm/ROS_WS/install/adi_4dof_endeffector_xyz:/opt/ros/jazzy/opt/gz_sim_vendor:/opt/ros/jazzy/opt/gz_sensors_vendor:/opt/ros/jazzy/opt/gz_physics_vendor:/opt/ros/jazzy/opt/sdformat_vendor:/opt/ros/jazzy/opt/gz_gui_vendor:/opt/ros/jazzy/opt/gz_transport_vendor:/opt/ros/jazzy/opt/gz_rendering_vendor:/opt/ros/jazzy/opt/gz_plugin_vendor:/opt/ros/jazzy/opt/gz_fuel_tools_vendor:/opt/ros/jazzy/opt/gz_msgs_vendor:/opt/ros/jazzy/opt/gz_common_vendor:/opt/ros/jazzy/opt/gz_math_vendor:/opt/ros/jazzy/opt/gz_utils_vendor:/opt/ros/jazzy/opt/gz_tools_vendor:/opt/ros/jazzy/opt/gz_ogre_next_vendor:/opt/ros/jazzy/opt/gz_dartsim_vendor:/opt/ros/jazzy/opt/gz_cmake_vendor:/home/micha/RobotArm/ROS_WS/install/vision_tracker:/opt/ros/jazzy /usr/bin/cmake /home/micha/RobotArm/ROS_WS/src/moveit_servo -DCMAKE_INSTALL_PREFIX=/home/micha/RobotArm/ROS_WS/src/install/moveit_servo
[3.093s] Invoking command in '/home/micha/RobotArm/ROS_WS/src/build/moveit_servo': AMENT_PREFIX_PATH=/home/micha/RobotArm/ROS_WS/src/install/adi_robotarm:${AMENT_PREFIX_PATH} CMAKE_PREFIX_PATH=/home/micha/RobotArm/ROS_WS/src/install/adi_robotarm:/home/micha/RobotArm/ROS_WS/install/point_motion:/home/micha/RobotArm/ROS_WS/install/adi_tmcm_bb4:/home/micha/RobotArm/ROS_WS/install/adi_robotarm_moveit_config:/home/micha/RobotArm/ROS_WS/install/adi_robotarm:/home/micha/RobotArm/ROS_WS/install/adi_4dof_ik:/home/micha/RobotArm/ROS_WS/install/adi_4dof_ik_kinematics_plugin:/home/micha/RobotArm/ROS_WS/install/adi_4dof_endeffector_xyz:/opt/ros/jazzy/opt/gz_sim_vendor:/opt/ros/jazzy/opt/gz_sensors_vendor:/opt/ros/jazzy/opt/gz_physics_vendor:/opt/ros/jazzy/opt/sdformat_vendor:/opt/ros/jazzy/opt/gz_gui_vendor:/opt/ros/jazzy/opt/gz_transport_vendor:/opt/ros/jazzy/opt/gz_rendering_vendor:/opt/ros/jazzy/opt/gz_plugin_vendor:/opt/ros/jazzy/opt/gz_fuel_tools_vendor:/opt/ros/jazzy/opt/gz_msgs_vendor:/opt/ros/jazzy/opt/gz_common_vendor:/opt/ros/jazzy/opt/gz_math_vendor:/opt/ros/jazzy/opt/gz_utils_vendor:/opt/ros/jazzy/opt/gz_tools_vendor:/opt/ros/jazzy/opt/gz_ogre_next_vendor:/opt/ros/jazzy/opt/gz_dartsim_vendor:/opt/ros/jazzy/opt/gz_cmake_vendor:/home/micha/RobotArm/ROS_WS/install/vision_tracker:/opt/ros/jazzy /usr/bin/cmake --build /home/micha/RobotArm/ROS_WS/src/build/moveit_servo -- -j8 -l8
[3.177s] Invoked command in '/home/micha/RobotArm/ROS_WS/src/build/moveit_servo' returned '0': AMENT_PREFIX_PATH=/home/micha/RobotArm/ROS_WS/src/install/adi_robotarm:${AMENT_PREFIX_PATH} CMAKE_PREFIX_PATH=/home/micha/RobotArm/ROS_WS/src/install/adi_robotarm:/home/micha/RobotArm/ROS_WS/install/point_motion:/home/micha/RobotArm/ROS_WS/install/adi_tmcm_bb4:/home/micha/RobotArm/ROS_WS/install/adi_robotarm_moveit_config:/home/micha/RobotArm/ROS_WS/install/adi_robotarm:/home/micha/RobotArm/ROS_WS/install/adi_4dof_ik:/home/micha/RobotArm/ROS_WS/install/adi_4dof_ik_kinematics_plugin:/home/micha/RobotArm/ROS_WS/install/adi_4dof_endeffector_xyz:/opt/ros/jazzy/opt/gz_sim_vendor:/opt/ros/jazzy/opt/gz_sensors_vendor:/opt/ros/jazzy/opt/gz_physics_vendor:/opt/ros/jazzy/opt/sdformat_vendor:/opt/ros/jazzy/opt/gz_gui_vendor:/opt/ros/jazzy/opt/gz_transport_vendor:/opt/ros/jazzy/opt/gz_rendering_vendor:/opt/ros/jazzy/opt/gz_plugin_vendor:/opt/ros/jazzy/opt/gz_fuel_tools_vendor:/opt/ros/jazzy/opt/gz_msgs_vendor:/opt/ros/jazzy/opt/gz_common_vendor:/opt/ros/jazzy/opt/gz_math_vendor:/opt/ros/jazzy/opt/gz_utils_vendor:/opt/ros/jazzy/opt/gz_tools_vendor:/opt/ros/jazzy/opt/gz_ogre_next_vendor:/opt/ros/jazzy/opt/gz_dartsim_vendor:/opt/ros/jazzy/opt/gz_cmake_vendor:/home/micha/RobotArm/ROS_WS/install/vision_tracker:/opt/ros/jazzy /usr/bin/cmake --build /home/micha/RobotArm/ROS_WS/src/build/moveit_servo -- -j8 -l8
[3.179s] Invoking command in '/home/micha/RobotArm/ROS_WS/src/build/moveit_servo': AMENT_PREFIX_PATH=/home/micha/RobotArm/ROS_WS/src/install/adi_robotarm:${AMENT_PREFIX_PATH} CMAKE_PREFIX_PATH=/home/micha/RobotArm/ROS_WS/src/install/adi_robotarm:/home/micha/RobotArm/ROS_WS/install/point_motion:/home/micha/RobotArm/ROS_WS/install/adi_tmcm_bb4:/home/micha/RobotArm/ROS_WS/install/adi_robotarm_moveit_config:/home/micha/RobotArm/ROS_WS/install/adi_robotarm:/home/micha/RobotArm/ROS_WS/install/adi_4dof_ik:/home/micha/RobotArm/ROS_WS/install/adi_4dof_ik_kinematics_plugin:/home/micha/RobotArm/ROS_WS/install/adi_4dof_endeffector_xyz:/opt/ros/jazzy/opt/gz_sim_vendor:/opt/ros/jazzy/opt/gz_sensors_vendor:/opt/ros/jazzy/opt/gz_physics_vendor:/opt/ros/jazzy/opt/sdformat_vendor:/opt/ros/jazzy/opt/gz_gui_vendor:/opt/ros/jazzy/opt/gz_transport_vendor:/opt/ros/jazzy/opt/gz_rendering_vendor:/opt/ros/jazzy/opt/gz_plugin_vendor:/opt/ros/jazzy/opt/gz_fuel_tools_vendor:/opt/ros/jazzy/opt/gz_msgs_vendor:/opt/ros/jazzy/opt/gz_common_vendor:/opt/ros/jazzy/opt/gz_math_vendor:/opt/ros/jazzy/opt/gz_utils_vendor:/opt/ros/jazzy/opt/gz_tools_vendor:/opt/ros/jazzy/opt/gz_ogre_next_vendor:/opt/ros/jazzy/opt/gz_dartsim_vendor:/opt/ros/jazzy/opt/gz_cmake_vendor:/home/micha/RobotArm/ROS_WS/install/vision_tracker:/opt/ros/jazzy /usr/bin/cmake --install /home/micha/RobotArm/ROS_WS/src/build/moveit_servo
[3.193s] -- Install configuration: ""
[3.195s] -- Installing: /home/micha/RobotArm/ROS_WS/src/install/moveit_servo/share/ament_index/resource_index/package_run_dependencies/moveit_servo
[3.196s] -- Installing: /home/micha/RobotArm/ROS_WS/src/install/moveit_servo/share/ament_index/resource_index/parent_prefix_path/moveit_servo
[3.197s] -- Installing: /home/micha/RobotArm/ROS_WS/src/install/moveit_servo/share/moveit_servo/environment/ament_prefix_path.sh
[3.197s] -- Installing: /home/micha/RobotArm/ROS_WS/src/install/moveit_servo/share/moveit_servo/environment/ament_prefix_path.dsv
[3.198s] -- Installing: /home/micha/RobotArm/ROS_WS/src/install/moveit_servo/share/moveit_servo/environment/path.sh
[3.198s] -- Installing: /home/micha/RobotArm/ROS_WS/src/install/moveit_servo/share/moveit_servo/environment/path.dsv
[3.199s] -- Installing: /home/micha/RobotArm/ROS_WS/src/install/moveit_servo/share/moveit_servo/local_setup.bash
[3.199s] -- Installing: /home/micha/RobotArm/ROS_WS/src/install/moveit_servo/share/moveit_servo/local_setup.sh
[3.199s] -- Installing: /home/micha/RobotArm/ROS_WS/src/install/moveit_servo/share/moveit_servo/local_setup.zsh
[3.199s] -- Installing: /home/micha/RobotArm/ROS_WS/src/install/moveit_servo/share/moveit_servo/local_setup.dsv
[3.199s] -- Installing: /home/micha/RobotArm/ROS_WS/src/install/moveit_servo/share/moveit_servo/package.dsv
[3.200s] -- Installing: /home/micha/RobotArm/ROS_WS/src/install/moveit_servo/share/ament_index/resource_index/packages/moveit_servo
[3.201s] -- Installing: /home/micha/RobotArm/ROS_WS/src/install/moveit_servo/share/moveit_servo/cmake/moveit_servoConfig.cmake
[3.201s] -- Installing: /home/micha/RobotArm/ROS_WS/src/install/moveit_servo/share/moveit_servo/cmake/moveit_servoConfig-version.cmake
[3.201s] -- Installing: /home/micha/RobotArm/ROS_WS/src/install/moveit_servo/share/moveit_servo/package.xml
[3.202s] -- Installing: /home/micha/RobotArm/ROS_WS/src/install/moveit_servo/share/moveit_servo/launch
[3.203s] -- Installing: /home/micha/RobotArm/ROS_WS/src/install/moveit_servo/share/moveit_servo/launch/static_virtual_joint_tfs.launch.py
[3.203s] -- Installing: /home/micha/RobotArm/ROS_WS/src/install/moveit_servo/share/moveit_servo/launch/spawn_controllers.launch.py
[3.203s] -- Installing: /home/micha/RobotArm/ROS_WS/src/install/moveit_servo/share/moveit_servo/launch/move_group.launch.py
[3.204s] -- Installing: /home/micha/RobotArm/ROS_WS/src/install/moveit_servo/share/moveit_servo/launch/moveit_rviz.launch.py
[3.204s] -- Installing: /home/micha/RobotArm/ROS_WS/src/install/moveit_servo/share/moveit_servo/launch/rsp.launch.py
[3.204s] -- Installing: /home/micha/RobotArm/ROS_WS/src/install/moveit_servo/share/moveit_servo/launch/demo.launch.py
[3.205s] -- Installing: /home/micha/RobotArm/ROS_WS/src/install/moveit_servo/share/moveit_servo/config
[3.205s] -- Installing: /home/micha/RobotArm/ROS_WS/src/install/moveit_servo/share/moveit_servo/config/kinematics.yaml
[3.205s] -- Installing: /home/micha/RobotArm/ROS_WS/src/install/moveit_servo/share/moveit_servo/config/ros2_controllers.yaml
[3.206s] -- Installing: /home/micha/RobotArm/ROS_WS/src/install/moveit_servo/share/moveit_servo/config/moveit.rviz
[3.206s] -- Installing: /home/micha/RobotArm/ROS_WS/src/install/moveit_servo/share/moveit_servo/config/visual.urdf.xacro
[3.206s] -- Installing: /home/micha/RobotArm/ROS_WS/src/install/moveit_servo/share/moveit_servo/config/initial_positions.yaml
[3.207s] -- Installing: /home/micha/RobotArm/ROS_WS/src/install/moveit_servo/share/moveit_servo/config/visual.ros2_control.xacro
[3.207s] -- Installing: /home/micha/RobotArm/ROS_WS/src/install/moveit_servo/share/moveit_servo/config/pilz_cartesian_limits.yaml
[3.207s] -- Installing: /home/micha/RobotArm/ROS_WS/src/install/moveit_servo/share/moveit_servo/config/moveit_controllers.yaml
[3.207s] -- Installing: /home/micha/RobotArm/ROS_WS/src/install/moveit_servo/share/moveit_servo/config/visual.srdf
[3.208s] -- Installing: /home/micha/RobotArm/ROS_WS/src/install/moveit_servo/share/moveit_servo/config/joint_limits.yaml
[3.208s] -- Installing: /home/micha/RobotArm/ROS_WS/src/install/moveit_servo/share/moveit_servo/.setup_assistant
[3.211s] Invoked command in '/home/micha/RobotArm/ROS_WS/src/build/moveit_servo' returned '0': AMENT_PREFIX_PATH=/home/micha/RobotArm/ROS_WS/src/install/adi_robotarm:${AMENT_PREFIX_PATH} CMAKE_PREFIX_PATH=/home/micha/RobotArm/ROS_WS/src/install/adi_robotarm:/home/micha/RobotArm/ROS_WS/install/point_motion:/home/micha/RobotArm/ROS_WS/install/adi_tmcm_bb4:/home/micha/RobotArm/ROS_WS/install/adi_robotarm_moveit_config:/home/micha/RobotArm/ROS_WS/install/adi_robotarm:/home/micha/RobotArm/ROS_WS/install/adi_4dof_ik:/home/micha/RobotArm/ROS_WS/install/adi_4dof_ik_kinematics_plugin:/home/micha/RobotArm/ROS_WS/install/adi_4dof_endeffector_xyz:/opt/ros/jazzy/opt/gz_sim_vendor:/opt/ros/jazzy/opt/gz_sensors_vendor:/opt/ros/jazzy/opt/gz_physics_vendor:/opt/ros/jazzy/opt/sdformat_vendor:/opt/ros/jazzy/opt/gz_gui_vendor:/opt/ros/jazzy/opt/gz_transport_vendor:/opt/ros/jazzy/opt/gz_rendering_vendor:/opt/ros/jazzy/opt/gz_plugin_vendor:/opt/ros/jazzy/opt/gz_fuel_tools_vendor:/opt/ros/jazzy/opt/gz_msgs_vendor:/opt/ros/jazzy/opt/gz_common_vendor:/opt/ros/jazzy/opt/gz_math_vendor:/opt/ros/jazzy/opt/gz_utils_vendor:/opt/ros/jazzy/opt/gz_tools_vendor:/opt/ros/jazzy/opt/gz_ogre_next_vendor:/opt/ros/jazzy/opt/gz_dartsim_vendor:/opt/ros/jazzy/opt/gz_cmake_vendor:/home/micha/RobotArm/ROS_WS/install/vision_tracker:/opt/ros/jazzy /usr/bin/cmake --install /home/micha/RobotArm/ROS_WS/src/build/moveit_servo
