-- The C compiler identification is GNU 13.3.0
-- The CXX compiler identification is GNU 13.3.0
-- Detecting C compiler ABI info
-- Detecting C compiler ABI info - done
-- Check for working C compiler: /usr/bin/cc - skipped
-- Detecting C compile features
-- Detecting C compile features - done
-- Detecting CXX compiler ABI info
-- Detecting CXX compiler ABI info - done
-- Check for working CXX compiler: /usr/bin/c++ - skipped
-- Detecting CXX compile features
-- Detecting CXX compile features - done
-- Found ament_cmake: 2.5.6 (/opt/ros/jazzy/share/ament_cmake/cmake)
-- Found Python3: /usr/bin/python3 (found version "3.12.3") found components: Interpreter 
-- Found rclcpp: 28.1.18 (/opt/ros/jazzy/share/rclcpp/cmake)
-- Found rosidl_generator_c: 4.6.7 (/opt/ros/jazzy/share/rosidl_generator_c/cmake)
-- Found rosidl_generator_cpp: 4.6.7 (/opt/ros/jazzy/share/rosidl_generator_cpp/cmake)
-- Using all available rosidl_typesupport_c: rosidl_typesupport_fastrtps_c;rosidl_typesupport_introspection_c
-- Using all available rosidl_typesupport_cpp: rosidl_typesupport_fastrtps_cpp;rosidl_typesupport_introspection_cpp
-- Found rmw_implementation_cmake: 7.3.3 (/opt/ros/jazzy/share/rmw_implementation_cmake/cmake)
-- Found rmw_fastrtps_cpp: 8.4.3 (/opt/ros/jazzy/share/rmw_fastrtps_cpp/cmake)
-- Found OpenSSL: /usr/lib/x86_64-linux-gnu/libcrypto.so (found version "3.0.13")  
-- Found FastRTPS: /opt/ros/jazzy/include (Required is at least version "2.13") 
-- Using RMW implementation 'rmw_fastrtps_cpp' as default
-- Found moveit_core: 2.12.4 (/opt/ros/jazzy/share/moveit_core/cmake)
-- Found Boost: /usr/lib/x86_64-linux-gnu/cmake/Boost-1.83.0/BoostConfig.cmake (found version "1.83.0") found components: chrono date_time filesystem iostreams program_options regex serialization system thread 
-- Found parameter_traits: 0.7.1 (/opt/ros/jazzy/share/parameter_traits/cmake)
-- Found rclcpp_lifecycle: 28.1.18 (/opt/ros/jazzy/share/rclcpp_lifecycle/cmake)
-- Found Boost: /usr/lib/x86_64-linux-gnu/cmake/Boost-1.83.0/BoostConfig.cmake (found version "1.83.0") found components: filesystem 
-- Found Eigen3: TRUE (found version "3.4.0") 
-- Ensuring Eigen3 include directory is part of orocos-kdl CMake target
-- Configuring done (8.8s)
-- Generating done (0.0s)
-- Build files have been written to: /home/micha/RobotArm/ROS_WS/src/build/adi_4dof_ik_kinematics_plugin
[ 33%] [32mBuilding CXX object CMakeFiles/adi_4dof_ik_kinematics_plugin.dir/src/adi_4dof_ik_kinematics_plugin.cpp.o[0m
[ 66%] [32mBuilding CXX object CMakeFiles/adi_4dof_ik_kinematics_plugin.dir/src/SerialRobot.cpp.o[0m
In file included from [01m[K/home/micha/RobotArm/ROS_WS/src/adi_4dof_ik/adi_4dof_ik_kinematics_plugin/include/adi_4dof_ik/adi_4dof_ik_kinematics_plugin.hpp:35[m[K,
                 from [01m[K/home/micha/RobotArm/ROS_WS/src/adi_4dof_ik/adi_4dof_ik_kinematics_plugin/src/adi_4dof_ik_kinematics_plugin.cpp:24[m[K:
[01m[K/opt/ros/jazzy/include/moveit_core/moveit/kinematics_base/kinematics_base.h:50:77:[m[K [01;36m[Knote: [m[K‘[01m[K#pragma message: .h header is obsolete. Please use the .hpp header instead.[m[K’
   50 | #pragma message(".h header is obsolete. Please use the .hpp header instead."[01;36m[K)[m[K
      |                                                                             [01;36m[K^[m[K
In file included from [01m[K/home/micha/RobotArm/ROS_WS/src/adi_4dof_ik/adi_4dof_ik_kinematics_plugin/include/adi_4dof_ik/adi_4dof_ik_kinematics_plugin.hpp:36[m[K:
[01m[K/opt/ros/jazzy/include/moveit_core/moveit/robot_model/robot_model.h:51:77:[m[K [01;36m[Knote: [m[K‘[01m[K#pragma message: .h header is obsolete. Please use the .hpp header instead.[m[K’
   51 | #pragma message(".h header is obsolete. Please use the .hpp header instead."[01;36m[K)[m[K
      |                                                                             [01;36m[K^[m[K
In file included from [01m[K/home/micha/RobotArm/ROS_WS/src/adi_4dof_ik/adi_4dof_ik_kinematics_plugin/src/adi_4dof_ik_kinematics_plugin.cpp:32[m[K:
[01m[K/opt/ros/jazzy/include/moveit_core/moveit/robot_state/robot_state.h:51:77:[m[K [01;36m[Knote: [m[K‘[01m[K#pragma message: .h header is obsolete. Please use the .hpp header instead.[m[K’
   51 | #pragma message(".h header is obsolete. Please use the .hpp header instead."[01;36m[K)[m[K
      |                                                                             [01;36m[K^[m[K
[100%] [32m[1mLinking CXX shared library libadi_4dof_ik_kinematics_plugin.so[0m
[100%] Built target adi_4dof_ik_kinematics_plugin
-- Install configuration: ""
-- Installing: /home/micha/RobotArm/ROS_WS/src/install/adi_4dof_ik_kinematics_plugin/include
-- Installing: /home/micha/RobotArm/ROS_WS/src/install/adi_4dof_ik_kinematics_plugin/include/adi_4dof_ik
-- Installing: /home/micha/RobotArm/ROS_WS/src/install/adi_4dof_ik_kinematics_plugin/include/adi_4dof_ik/adi_4dof_ik_kinematics_plugin.hpp
-- Installing: /home/micha/RobotArm/ROS_WS/src/install/adi_4dof_ik_kinematics_plugin/include/adi_4dof_ik/SerialRobot.hpp
-- Installing: /home/micha/RobotArm/ROS_WS/src/install/adi_4dof_ik_kinematics_plugin/lib/libadi_4dof_ik_kinematics_plugin.so
-- Set non-toolchain portion of runtime path of "/home/micha/RobotArm/ROS_WS/src/install/adi_4dof_ik_kinematics_plugin/lib/libadi_4dof_ik_kinematics_plugin.so" to ""
-- Installing: /home/micha/RobotArm/ROS_WS/src/install/adi_4dof_ik_kinematics_plugin/share/adi_4dof_ik_kinematics_plugin/adi_4dof_ik_kinematics_description.xml
-- Installing: /home/micha/RobotArm/ROS_WS/src/install/adi_4dof_ik_kinematics_plugin/share/adi_4dof_ik_kinematics_plugin/environment/library_path.sh
-- Installing: /home/micha/RobotArm/ROS_WS/src/install/adi_4dof_ik_kinematics_plugin/share/adi_4dof_ik_kinematics_plugin/environment/library_path.dsv
-- Installing: /home/micha/RobotArm/ROS_WS/src/install/adi_4dof_ik_kinematics_plugin/share/ament_index/resource_index/package_run_dependencies/adi_4dof_ik_kinematics_plugin
-- Installing: /home/micha/RobotArm/ROS_WS/src/install/adi_4dof_ik_kinematics_plugin/share/ament_index/resource_index/parent_prefix_path/adi_4dof_ik_kinematics_plugin
-- Installing: /home/micha/RobotArm/ROS_WS/src/install/adi_4dof_ik_kinematics_plugin/share/adi_4dof_ik_kinematics_plugin/environment/ament_prefix_path.sh
-- Installing: /home/micha/RobotArm/ROS_WS/src/install/adi_4dof_ik_kinematics_plugin/share/adi_4dof_ik_kinematics_plugin/environment/ament_prefix_path.dsv
-- Installing: /home/micha/RobotArm/ROS_WS/src/install/adi_4dof_ik_kinematics_plugin/share/adi_4dof_ik_kinematics_plugin/environment/path.sh
-- Installing: /home/micha/RobotArm/ROS_WS/src/install/adi_4dof_ik_kinematics_plugin/share/adi_4dof_ik_kinematics_plugin/environment/path.dsv
-- Installing: /home/micha/RobotArm/ROS_WS/src/install/adi_4dof_ik_kinematics_plugin/share/adi_4dof_ik_kinematics_plugin/local_setup.bash
-- Installing: /home/micha/RobotArm/ROS_WS/src/install/adi_4dof_ik_kinematics_plugin/share/adi_4dof_ik_kinematics_plugin/local_setup.sh
-- Installing: /home/micha/RobotArm/ROS_WS/src/install/adi_4dof_ik_kinematics_plugin/share/adi_4dof_ik_kinematics_plugin/local_setup.zsh
-- Installing: /home/micha/RobotArm/ROS_WS/src/install/adi_4dof_ik_kinematics_plugin/share/adi_4dof_ik_kinematics_plugin/local_setup.dsv
-- Installing: /home/micha/RobotArm/ROS_WS/src/install/adi_4dof_ik_kinematics_plugin/share/adi_4dof_ik_kinematics_plugin/package.dsv
-- Installing: /home/micha/RobotArm/ROS_WS/src/install/adi_4dof_ik_kinematics_plugin/share/ament_index/resource_index/packages/adi_4dof_ik_kinematics_plugin
-- Installing: /home/micha/RobotArm/ROS_WS/src/install/adi_4dof_ik_kinematics_plugin/share/ament_index/resource_index/moveit_core__pluginlib__plugin/adi_4dof_ik_kinematics_plugin
-- Installing: /home/micha/RobotArm/ROS_WS/src/install/adi_4dof_ik_kinematics_plugin/share/adi_4dof_ik_kinematics_plugin/cmake/export_adi_4dof_ik_kinematics_pluginExport.cmake
-- Installing: /home/micha/RobotArm/ROS_WS/src/install/adi_4dof_ik_kinematics_plugin/share/adi_4dof_ik_kinematics_plugin/cmake/export_adi_4dof_ik_kinematics_pluginExport-noconfig.cmake
-- Installing: /home/micha/RobotArm/ROS_WS/src/install/adi_4dof_ik_kinematics_plugin/share/adi_4dof_ik_kinematics_plugin/cmake/ament_cmake_export_libraries-extras.cmake
-- Installing: /home/micha/RobotArm/ROS_WS/src/install/adi_4dof_ik_kinematics_plugin/share/adi_4dof_ik_kinematics_plugin/cmake/ament_cmake_export_targets-extras.cmake
-- Installing: /home/micha/RobotArm/ROS_WS/src/install/adi_4dof_ik_kinematics_plugin/share/adi_4dof_ik_kinematics_plugin/cmake/ament_cmake_export_dependencies-extras.cmake
-- Installing: /home/micha/RobotArm/ROS_WS/src/install/adi_4dof_ik_kinematics_plugin/share/adi_4dof_ik_kinematics_plugin/cmake/ament_cmake_export_include_directories-extras.cmake
-- Installing: /home/micha/RobotArm/ROS_WS/src/install/adi_4dof_ik_kinematics_plugin/share/adi_4dof_ik_kinematics_plugin/cmake/adi_4dof_ik_kinematics_pluginConfig.cmake
-- Installing: /home/micha/RobotArm/ROS_WS/src/install/adi_4dof_ik_kinematics_plugin/share/adi_4dof_ik_kinematics_plugin/cmake/adi_4dof_ik_kinematics_pluginConfig-version.cmake
-- Installing: /home/micha/RobotArm/ROS_WS/src/install/adi_4dof_ik_kinematics_plugin/share/adi_4dof_ik_kinematics_plugin/package.xml
