-- Install configuration: ""
-- Up-to-date: /home/micha/RobotArm/ROS_WS/src/install/moveit_servo/share/ament_index/resource_index/package_run_dependencies/moveit_servo
-- Up-to-date: /home/micha/RobotArm/ROS_WS/src/install/moveit_servo/share/ament_index/resource_index/parent_prefix_path/moveit_servo
-- Up-to-date: /home/micha/RobotArm/ROS_WS/src/install/moveit_servo/share/moveit_servo/environment/ament_prefix_path.sh
-- Up-to-date: /home/micha/RobotArm/ROS_WS/src/install/moveit_servo/share/moveit_servo/environment/ament_prefix_path.dsv
-- Up-to-date: /home/micha/RobotArm/ROS_WS/src/install/moveit_servo/share/moveit_servo/environment/path.sh
-- Up-to-date: /home/micha/RobotArm/ROS_WS/src/install/moveit_servo/share/moveit_servo/environment/path.dsv
-- Up-to-date: /home/micha/RobotArm/ROS_WS/src/install/moveit_servo/share/moveit_servo/local_setup.bash
-- Up-to-date: /home/micha/RobotArm/ROS_WS/src/install/moveit_servo/share/moveit_servo/local_setup.sh
-- Up-to-date: /home/micha/RobotArm/ROS_WS/src/install/moveit_servo/share/moveit_servo/local_setup.zsh
-- Up-to-date: /home/micha/RobotArm/ROS_WS/src/install/moveit_servo/share/moveit_servo/local_setup.dsv
-- Up-to-date: /home/micha/RobotArm/ROS_WS/src/install/moveit_servo/share/moveit_servo/package.dsv
-- Up-to-date: /home/micha/RobotArm/ROS_WS/src/install/moveit_servo/share/ament_index/resource_index/packages/moveit_servo
-- Up-to-date: /home/micha/RobotArm/ROS_WS/src/install/moveit_servo/share/moveit_servo/cmake/moveit_servoConfig.cmake
-- Up-to-date: /home/micha/RobotArm/ROS_WS/src/install/moveit_servo/share/moveit_servo/cmake/moveit_servoConfig-version.cmake
-- Up-to-date: /home/micha/RobotArm/ROS_WS/src/install/moveit_servo/share/moveit_servo/package.xml
-- Up-to-date: /home/micha/RobotArm/ROS_WS/src/install/moveit_servo/share/moveit_servo/launch
-- Up-to-date: /home/micha/RobotArm/ROS_WS/src/install/moveit_servo/share/moveit_servo/launch/static_virtual_joint_tfs.launch.py
-- Up-to-date: /home/micha/RobotArm/ROS_WS/src/install/moveit_servo/share/moveit_servo/launch/spawn_controllers.launch.py
-- Up-to-date: /home/micha/RobotArm/ROS_WS/src/install/moveit_servo/share/moveit_servo/launch/move_group.launch.py
-- Up-to-date: /home/micha/RobotArm/ROS_WS/src/install/moveit_servo/share/moveit_servo/launch/moveit_rviz.launch.py
-- Up-to-date: /home/micha/RobotArm/ROS_WS/src/install/moveit_servo/share/moveit_servo/launch/rsp.launch.py
-- Up-to-date: /home/micha/RobotArm/ROS_WS/src/install/moveit_servo/share/moveit_servo/launch/demo.launch.py
-- Up-to-date: /home/micha/RobotArm/ROS_WS/src/install/moveit_servo/share/moveit_servo/config
-- Up-to-date: /home/micha/RobotArm/ROS_WS/src/install/moveit_servo/share/moveit_servo/config/kinematics.yaml
-- Installing: /home/micha/RobotArm/ROS_WS/src/install/moveit_servo/share/moveit_servo/config/servo_parameters.yaml
-- Up-to-date: /home/micha/RobotArm/ROS_WS/src/install/moveit_servo/share/moveit_servo/config/ros2_controllers.yaml
-- Up-to-date: /home/micha/RobotArm/ROS_WS/src/install/moveit_servo/share/moveit_servo/config/moveit.rviz
-- Up-to-date: /home/micha/RobotArm/ROS_WS/src/install/moveit_servo/share/moveit_servo/config/visual.urdf.xacro
-- Up-to-date: /home/micha/RobotArm/ROS_WS/src/install/moveit_servo/share/moveit_servo/config/initial_positions.yaml
-- Up-to-date: /home/micha/RobotArm/ROS_WS/src/install/moveit_servo/share/moveit_servo/config/visual.ros2_control.xacro
-- Up-to-date: /home/micha/RobotArm/ROS_WS/src/install/moveit_servo/share/moveit_servo/config/pilz_cartesian_limits.yaml
-- Up-to-date: /home/micha/RobotArm/ROS_WS/src/install/moveit_servo/share/moveit_servo/config/moveit_controllers.yaml
-- Up-to-date: /home/micha/RobotArm/ROS_WS/src/install/moveit_servo/share/moveit_servo/config/visual.srdf
-- Up-to-date: /home/micha/RobotArm/ROS_WS/src/install/moveit_servo/share/moveit_servo/config/joint_limits.yaml
-- Up-to-date: /home/micha/RobotArm/ROS_WS/src/install/moveit_servo/share/moveit_servo/.setup_assistant
