[0.071s] Invoking command in '/home/micha/RobotArm/ROS_WS/src/build/moveit_servo': AMENT_PREFIX_PATH=/home/micha/RobotArm/ROS_WS/src/install/adi_robotarm:${AMENT_PREFIX_PATH} CMAKE_PREFIX_PATH=/home/micha/RobotArm/ROS_WS/src/install/adi_robotarm:/home/micha/RobotArm/ROS_WS/install/point_motion:/home/micha/RobotArm/ROS_WS/install/adi_tmcm_bb4:/home/micha/RobotArm/ROS_WS/install/adi_robotarm_moveit_config:/home/micha/RobotArm/ROS_WS/install/adi_robotarm:/home/micha/RobotArm/ROS_WS/install/adi_4dof_ik:/home/micha/RobotArm/ROS_WS/install/adi_4dof_ik_kinematics_plugin:/home/micha/RobotArm/ROS_WS/install/adi_4dof_endeffector_xyz:/opt/ros/jazzy/opt/gz_sim_vendor:/opt/ros/jazzy/opt/gz_sensors_vendor:/opt/ros/jazzy/opt/gz_physics_vendor:/opt/ros/jazzy/opt/sdformat_vendor:/opt/ros/jazzy/opt/gz_gui_vendor:/opt/ros/jazzy/opt/gz_transport_vendor:/opt/ros/jazzy/opt/gz_rendering_vendor:/opt/ros/jazzy/opt/gz_plugin_vendor:/opt/ros/jazzy/opt/gz_fuel_tools_vendor:/opt/ros/jazzy/opt/gz_msgs_vendor:/opt/ros/jazzy/opt/gz_common_vendor:/opt/ros/jazzy/opt/gz_math_vendor:/opt/ros/jazzy/opt/gz_utils_vendor:/opt/ros/jazzy/opt/gz_tools_vendor:/opt/ros/jazzy/opt/gz_ogre_next_vendor:/opt/ros/jazzy/opt/gz_dartsim_vendor:/opt/ros/jazzy/opt/gz_cmake_vendor:/home/micha/RobotArm/ROS_WS/install/vision_tracker:/opt/ros/jazzy /usr/bin/cmake --build /home/micha/RobotArm/ROS_WS/src/build/moveit_servo -- -j8 -l8
[0.125s] Invoked command in '/home/micha/RobotArm/ROS_WS/src/build/moveit_servo' returned '0': AMENT_PREFIX_PATH=/home/micha/RobotArm/ROS_WS/src/install/adi_robotarm:${AMENT_PREFIX_PATH} CMAKE_PREFIX_PATH=/home/micha/RobotArm/ROS_WS/src/install/adi_robotarm:/home/micha/RobotArm/ROS_WS/install/point_motion:/home/micha/RobotArm/ROS_WS/install/adi_tmcm_bb4:/home/micha/RobotArm/ROS_WS/install/adi_robotarm_moveit_config:/home/micha/RobotArm/ROS_WS/install/adi_robotarm:/home/micha/RobotArm/ROS_WS/install/adi_4dof_ik:/home/micha/RobotArm/ROS_WS/install/adi_4dof_ik_kinematics_plugin:/home/micha/RobotArm/ROS_WS/install/adi_4dof_endeffector_xyz:/opt/ros/jazzy/opt/gz_sim_vendor:/opt/ros/jazzy/opt/gz_sensors_vendor:/opt/ros/jazzy/opt/gz_physics_vendor:/opt/ros/jazzy/opt/sdformat_vendor:/opt/ros/jazzy/opt/gz_gui_vendor:/opt/ros/jazzy/opt/gz_transport_vendor:/opt/ros/jazzy/opt/gz_rendering_vendor:/opt/ros/jazzy/opt/gz_plugin_vendor:/opt/ros/jazzy/opt/gz_fuel_tools_vendor:/opt/ros/jazzy/opt/gz_msgs_vendor:/opt/ros/jazzy/opt/gz_common_vendor:/opt/ros/jazzy/opt/gz_math_vendor:/opt/ros/jazzy/opt/gz_utils_vendor:/opt/ros/jazzy/opt/gz_tools_vendor:/opt/ros/jazzy/opt/gz_ogre_next_vendor:/opt/ros/jazzy/opt/gz_dartsim_vendor:/opt/ros/jazzy/opt/gz_cmake_vendor:/home/micha/RobotArm/ROS_WS/install/vision_tracker:/opt/ros/jazzy /usr/bin/cmake --build /home/micha/RobotArm/ROS_WS/src/build/moveit_servo -- -j8 -l8
[0.127s] Invoking command in '/home/micha/RobotArm/ROS_WS/src/build/moveit_servo': AMENT_PREFIX_PATH=/home/micha/RobotArm/ROS_WS/src/install/adi_robotarm:${AMENT_PREFIX_PATH} CMAKE_PREFIX_PATH=/home/micha/RobotArm/ROS_WS/src/install/adi_robotarm:/home/micha/RobotArm/ROS_WS/install/point_motion:/home/micha/RobotArm/ROS_WS/install/adi_tmcm_bb4:/home/micha/RobotArm/ROS_WS/install/adi_robotarm_moveit_config:/home/micha/RobotArm/ROS_WS/install/adi_robotarm:/home/micha/RobotArm/ROS_WS/install/adi_4dof_ik:/home/micha/RobotArm/ROS_WS/install/adi_4dof_ik_kinematics_plugin:/home/micha/RobotArm/ROS_WS/install/adi_4dof_endeffector_xyz:/opt/ros/jazzy/opt/gz_sim_vendor:/opt/ros/jazzy/opt/gz_sensors_vendor:/opt/ros/jazzy/opt/gz_physics_vendor:/opt/ros/jazzy/opt/sdformat_vendor:/opt/ros/jazzy/opt/gz_gui_vendor:/opt/ros/jazzy/opt/gz_transport_vendor:/opt/ros/jazzy/opt/gz_rendering_vendor:/opt/ros/jazzy/opt/gz_plugin_vendor:/opt/ros/jazzy/opt/gz_fuel_tools_vendor:/opt/ros/jazzy/opt/gz_msgs_vendor:/opt/ros/jazzy/opt/gz_common_vendor:/opt/ros/jazzy/opt/gz_math_vendor:/opt/ros/jazzy/opt/gz_utils_vendor:/opt/ros/jazzy/opt/gz_tools_vendor:/opt/ros/jazzy/opt/gz_ogre_next_vendor:/opt/ros/jazzy/opt/gz_dartsim_vendor:/opt/ros/jazzy/opt/gz_cmake_vendor:/home/micha/RobotArm/ROS_WS/install/vision_tracker:/opt/ros/jazzy /usr/bin/cmake --install /home/micha/RobotArm/ROS_WS/src/build/moveit_servo
[0.140s] -- Install configuration: ""
[0.141s] -- Up-to-date: /home/micha/RobotArm/ROS_WS/src/install/moveit_servo/share/ament_index/resource_index/package_run_dependencies/moveit_servo
[0.141s] -- Up-to-date: /home/micha/RobotArm/ROS_WS/src/install/moveit_servo/share/ament_index/resource_index/parent_prefix_path/moveit_servo
[0.141s] -- Up-to-date: /home/micha/RobotArm/ROS_WS/src/install/moveit_servo/share/moveit_servo/environment/ament_prefix_path.sh
[0.142s] -- Up-to-date: /home/micha/RobotArm/ROS_WS/src/install/moveit_servo/share/moveit_servo/environment/ament_prefix_path.dsv
[0.142s] -- Up-to-date: /home/micha/RobotArm/ROS_WS/src/install/moveit_servo/share/moveit_servo/environment/path.sh
[0.142s] -- Up-to-date: /home/micha/RobotArm/ROS_WS/src/install/moveit_servo/share/moveit_servo/environment/path.dsv
[0.143s] -- Up-to-date: /home/micha/RobotArm/ROS_WS/src/install/moveit_servo/share/moveit_servo/local_setup.bash
[0.144s] -- Up-to-date: /home/micha/RobotArm/ROS_WS/src/install/moveit_servo/share/moveit_servo/local_setup.sh
[0.144s] -- Up-to-date: /home/micha/RobotArm/ROS_WS/src/install/moveit_servo/share/moveit_servo/local_setup.zsh
[0.144s] -- Up-to-date: /home/micha/RobotArm/ROS_WS/src/install/moveit_servo/share/moveit_servo/local_setup.dsv
[0.144s] -- Up-to-date: /home/micha/RobotArm/ROS_WS/src/install/moveit_servo/share/moveit_servo/package.dsv
[0.144s] -- Up-to-date: /home/micha/RobotArm/ROS_WS/src/install/moveit_servo/share/ament_index/resource_index/packages/moveit_servo
[0.145s] -- Up-to-date: /home/micha/RobotArm/ROS_WS/src/install/moveit_servo/share/moveit_servo/cmake/moveit_servoConfig.cmake
[0.145s] -- Up-to-date: /home/micha/RobotArm/ROS_WS/src/install/moveit_servo/share/moveit_servo/cmake/moveit_servoConfig-version.cmake
[0.145s] -- Up-to-date: /home/micha/RobotArm/ROS_WS/src/install/moveit_servo/share/moveit_servo/package.xml
[0.145s] -- Up-to-date: /home/micha/RobotArm/ROS_WS/src/install/moveit_servo/share/moveit_servo/launch
[0.145s] -- Up-to-date: /home/micha/RobotArm/ROS_WS/src/install/moveit_servo/share/moveit_servo/launch/static_virtual_joint_tfs.launch.py
[0.146s] -- Up-to-date: /home/micha/RobotArm/ROS_WS/src/install/moveit_servo/share/moveit_servo/launch/spawn_controllers.launch.py
[0.146s] -- Up-to-date: /home/micha/RobotArm/ROS_WS/src/install/moveit_servo/share/moveit_servo/launch/move_group.launch.py
[0.146s] -- Up-to-date: /home/micha/RobotArm/ROS_WS/src/install/moveit_servo/share/moveit_servo/launch/moveit_rviz.launch.py
[0.146s] -- Up-to-date: /home/micha/RobotArm/ROS_WS/src/install/moveit_servo/share/moveit_servo/launch/rsp.launch.py
[0.146s] -- Up-to-date: /home/micha/RobotArm/ROS_WS/src/install/moveit_servo/share/moveit_servo/launch/demo.launch.py
[0.147s] -- Up-to-date: /home/micha/RobotArm/ROS_WS/src/install/moveit_servo/share/moveit_servo/config
[0.147s] -- Up-to-date: /home/micha/RobotArm/ROS_WS/src/install/moveit_servo/share/moveit_servo/config/kinematics.yaml
[0.147s] -- Installing: /home/micha/RobotArm/ROS_WS/src/install/moveit_servo/share/moveit_servo/config/servo_parameters.yaml
[0.147s] -- Up-to-date: /home/micha/RobotArm/ROS_WS/src/install/moveit_servo/share/moveit_servo/config/ros2_controllers.yaml
[0.148s] -- Up-to-date: /home/micha/RobotArm/ROS_WS/src/install/moveit_servo/share/moveit_servo/config/moveit.rviz
[0.148s] -- Up-to-date: /home/micha/RobotArm/ROS_WS/src/install/moveit_servo/share/moveit_servo/config/visual.urdf.xacro
[0.148s] -- Up-to-date: /home/micha/RobotArm/ROS_WS/src/install/moveit_servo/share/moveit_servo/config/initial_positions.yaml
[0.148s] -- Up-to-date: /home/micha/RobotArm/ROS_WS/src/install/moveit_servo/share/moveit_servo/config/visual.ros2_control.xacro
[0.148s] -- Up-to-date: /home/micha/RobotArm/ROS_WS/src/install/moveit_servo/share/moveit_servo/config/pilz_cartesian_limits.yaml
[0.149s] -- Up-to-date: /home/micha/RobotArm/ROS_WS/src/install/moveit_servo/share/moveit_servo/config/moveit_controllers.yaml
[0.149s] -- Up-to-date: /home/micha/RobotArm/ROS_WS/src/install/moveit_servo/share/moveit_servo/config/visual.srdf
[0.149s] -- Up-to-date: /home/micha/RobotArm/ROS_WS/src/install/moveit_servo/share/moveit_servo/config/joint_limits.yaml
[0.149s] -- Up-to-date: /home/micha/RobotArm/ROS_WS/src/install/moveit_servo/share/moveit_servo/.setup_assistant
[0.164s] Invoked command in '/home/micha/RobotArm/ROS_WS/src/build/moveit_servo' returned '0': AMENT_PREFIX_PATH=/home/micha/RobotArm/ROS_WS/src/install/adi_robotarm:${AMENT_PREFIX_PATH} CMAKE_PREFIX_PATH=/home/micha/RobotArm/ROS_WS/src/install/adi_robotarm:/home/micha/RobotArm/ROS_WS/install/point_motion:/home/micha/RobotArm/ROS_WS/install/adi_tmcm_bb4:/home/micha/RobotArm/ROS_WS/install/adi_robotarm_moveit_config:/home/micha/RobotArm/ROS_WS/install/adi_robotarm:/home/micha/RobotArm/ROS_WS/install/adi_4dof_ik:/home/micha/RobotArm/ROS_WS/install/adi_4dof_ik_kinematics_plugin:/home/micha/RobotArm/ROS_WS/install/adi_4dof_endeffector_xyz:/opt/ros/jazzy/opt/gz_sim_vendor:/opt/ros/jazzy/opt/gz_sensors_vendor:/opt/ros/jazzy/opt/gz_physics_vendor:/opt/ros/jazzy/opt/sdformat_vendor:/opt/ros/jazzy/opt/gz_gui_vendor:/opt/ros/jazzy/opt/gz_transport_vendor:/opt/ros/jazzy/opt/gz_rendering_vendor:/opt/ros/jazzy/opt/gz_plugin_vendor:/opt/ros/jazzy/opt/gz_fuel_tools_vendor:/opt/ros/jazzy/opt/gz_msgs_vendor:/opt/ros/jazzy/opt/gz_common_vendor:/opt/ros/jazzy/opt/gz_math_vendor:/opt/ros/jazzy/opt/gz_utils_vendor:/opt/ros/jazzy/opt/gz_tools_vendor:/opt/ros/jazzy/opt/gz_ogre_next_vendor:/opt/ros/jazzy/opt/gz_dartsim_vendor:/opt/ros/jazzy/opt/gz_cmake_vendor:/home/micha/RobotArm/ROS_WS/install/vision_tracker:/opt/ros/jazzy /usr/bin/cmake --install /home/micha/RobotArm/ROS_WS/src/build/moveit_servo
