[0.044s] Invoking command in '/home/micha/RobotArm/ROS_WS/src/build/adi_tmcm_bb4': CMAKE_PREFIX_PATH=${CMAKE_PREFIX_PATH}:/home/micha/RobotArm/ROS_WS/install/vision_tracker:/opt/ros/jazzy /usr/bin/cmake --build /home/micha/RobotArm/ROS_WS/src/build/adi_tmcm_bb4 -- -j8 -l8
[0.209s] [  0%] Built target tmcm_bb4_canopen_autogen_timestamp_deps
[0.258s] [ 12%] Built target tmcm_bb4_canopen_autogen
[0.326s] [100%] Built target tmcm_bb4_canopen
[0.363s] Invoked command in '/home/micha/RobotArm/ROS_WS/src/build/adi_tmcm_bb4' returned '0': CMAKE_PREFIX_PATH=${CMAKE_PREFIX_PATH}:/home/micha/RobotArm/ROS_WS/install/vision_tracker:/opt/ros/jazzy /usr/bin/cmake --build /home/micha/RobotArm/ROS_WS/src/build/adi_tmcm_bb4 -- -j8 -l8
[0.386s] Invoking command in '/home/micha/RobotArm/ROS_WS/src/build/adi_tmcm_bb4': CMAKE_PREFIX_PATH=${CMAKE_PREFIX_PATH}:/home/micha/RobotArm/ROS_WS/install/vision_tracker:/opt/ros/jazzy /usr/bin/cmake --install /home/micha/RobotArm/ROS_WS/src/build/adi_tmcm_bb4
[0.395s] -- Install configuration: ""
[0.395s] -- Up-to-date: /home/micha/RobotArm/ROS_WS/src/install/adi_tmcm_bb4/lib/adi_tmcm_bb4/tmcm_bb4_canopen
[0.395s] -- Up-to-date: /home/micha/RobotArm/ROS_WS/src/install/adi_tmcm_bb4/share/ament_index/resource_index/package_run_dependencies/adi_tmcm_bb4
[0.395s] -- Up-to-date: /home/micha/RobotArm/ROS_WS/src/install/adi_tmcm_bb4/share/ament_index/resource_index/parent_prefix_path/adi_tmcm_bb4
[0.395s] -- Up-to-date: /home/micha/RobotArm/ROS_WS/src/install/adi_tmcm_bb4/share/adi_tmcm_bb4/environment/ament_prefix_path.sh
[0.395s] -- Up-to-date: /home/micha/RobotArm/ROS_WS/src/install/adi_tmcm_bb4/share/adi_tmcm_bb4/environment/ament_prefix_path.dsv
[0.396s] -- Up-to-date: /home/micha/RobotArm/ROS_WS/src/install/adi_tmcm_bb4/share/adi_tmcm_bb4/environment/path.sh
[0.396s] -- Up-to-date: /home/micha/RobotArm/ROS_WS/src/install/adi_tmcm_bb4/share/adi_tmcm_bb4/environment/path.dsv
[0.396s] -- Up-to-date: /home/micha/RobotArm/ROS_WS/src/install/adi_tmcm_bb4/share/adi_tmcm_bb4/local_setup.bash
[0.396s] -- Up-to-date: /home/micha/RobotArm/ROS_WS/src/install/adi_tmcm_bb4/share/adi_tmcm_bb4/local_setup.sh
[0.397s] -- Up-to-date: /home/micha/RobotArm/ROS_WS/src/install/adi_tmcm_bb4/share/adi_tmcm_bb4/local_setup.zsh
[0.397s] -- Up-to-date: /home/micha/RobotArm/ROS_WS/src/install/adi_tmcm_bb4/share/adi_tmcm_bb4/local_setup.dsv
[0.397s] -- Installing: /home/micha/RobotArm/ROS_WS/src/install/adi_tmcm_bb4/share/adi_tmcm_bb4/package.dsv
[0.397s] -- Up-to-date: /home/micha/RobotArm/ROS_WS/src/install/adi_tmcm_bb4/share/ament_index/resource_index/packages/adi_tmcm_bb4
[0.398s] -- Up-to-date: /home/micha/RobotArm/ROS_WS/src/install/adi_tmcm_bb4/share/adi_tmcm_bb4/cmake/adi_tmcm_bb4Config.cmake
[0.398s] -- Up-to-date: /home/micha/RobotArm/ROS_WS/src/install/adi_tmcm_bb4/share/adi_tmcm_bb4/cmake/adi_tmcm_bb4Config-version.cmake
[0.398s] -- Up-to-date: /home/micha/RobotArm/ROS_WS/src/install/adi_tmcm_bb4/share/adi_tmcm_bb4/package.xml
[0.466s] Invoked command in '/home/micha/RobotArm/ROS_WS/src/build/adi_tmcm_bb4' returned '0': CMAKE_PREFIX_PATH=${CMAKE_PREFIX_PATH}:/home/micha/RobotArm/ROS_WS/install/vision_tracker:/opt/ros/jazzy /usr/bin/cmake --install /home/micha/RobotArm/ROS_WS/src/build/adi_tmcm_bb4
