-- The C compiler identification is GNU 13.3.0
-- The CXX compiler identification is GNU 13.3.0
-- Detecting C compiler ABI info
-- Detecting C compiler ABI info - done
-- Check for working C compiler: /usr/bin/cc - skipped
-- Detecting C compile features
-- Detecting C compile features - done
-- Detecting CXX compiler ABI info
-- Detecting CXX compiler ABI info - done
-- Check for working CXX compiler: /usr/bin/c++ - skipped
-- Detecting CXX compile features
-- Detecting CXX compile features - done
-- Found ament_cmake: 2.5.6 (/opt/ros/jazzy/share/ament_cmake/cmake)
-- Found Python3: /usr/bin/python3 (found version "3.12.3") found components: Interpreter 
-- Found rclcpp: 28.1.18 (/opt/ros/jazzy/share/rclcpp/cmake)
-- Found rosidl_generator_c: 4.6.7 (/opt/ros/jazzy/share/rosidl_generator_c/cmake)
-- Found rosidl_generator_cpp: 4.6.7 (/opt/ros/jazzy/share/rosidl_generator_cpp/cmake)
-- Using all available rosidl_typesupport_c: rosidl_typesupport_fastrtps_c;rosidl_typesupport_introspection_c
-- Using all available rosidl_typesupport_cpp: rosidl_typesupport_fastrtps_cpp;rosidl_typesupport_introspection_cpp
-- Found rmw_implementation_cmake: 7.3.3 (/opt/ros/jazzy/share/rmw_implementation_cmake/cmake)
-- Found rmw_fastrtps_cpp: 8.4.3 (/opt/ros/jazzy/share/rmw_fastrtps_cpp/cmake)
-- Found OpenSSL: /usr/lib/x86_64-linux-gnu/libcrypto.so (found version "3.0.13")  
-- Found FastRTPS: /opt/ros/jazzy/include (Required is at least version "2.13") 
-- Using RMW implementation 'rmw_fastrtps_cpp' as default
-- Found moveit_ros_planning_interface: 2.12.4 (/opt/ros/jazzy/share/moveit_ros_planning_interface/cmake)
-- Found Boost: /usr/lib/x86_64-linux-gnu/cmake/Boost-1.83.0/BoostConfig.cmake (found version "1.83.0") found components: date_time filesystem program_options system thread 
-- Found Boost: /usr/lib/x86_64-linux-gnu/cmake/Boost-1.83.0/BoostConfig.cmake (found version "1.83.0") found components: chrono date_time filesystem iostreams program_options regex serialization system thread 
-- Found parameter_traits: 0.7.1 (/opt/ros/jazzy/share/parameter_traits/cmake)
-- Found rclcpp_lifecycle: 28.1.18 (/opt/ros/jazzy/share/rclcpp_lifecycle/cmake)
-- Found Boost: /usr/lib/x86_64-linux-gnu/cmake/Boost-1.83.0/BoostConfig.cmake (found version "1.83.0") found components: filesystem 
-- Found Eigen3: TRUE (found version "3.4.0") 
-- Ensuring Eigen3 include directory is part of orocos-kdl CMake target
-- Found Boost: /usr/lib/x86_64-linux-gnu/cmake/Boost-1.83.0/BoostConfig.cmake (found version "1.83.0") found components: system filesystem date_time program_options thread chrono 
-- Found Boost: /usr/lib/x86_64-linux-gnu/cmake/Boost-1.83.0/BoostConfig.cmake (found version "1.83.0") found components: thread system filesystem regex date_time program_options 
-- Found Boost: /usr/lib/x86_64-linux-gnu/cmake/Boost-1.83.0/BoostConfig.cmake (found version "1.83.0") found components: system filesystem date_time program_options thread 
-- Found ament_lint_auto: 0.17.5 (/opt/ros/jazzy/share/ament_lint_auto/cmake)
-- Added test 'cppcheck' to perform static code analysis on C / C++ code
-- Configured cppcheck include dirs: 
-- Configured cppcheck exclude dirs and/or files: 
-- Added test 'flake8' to check Python code syntax and style conventions
-- Configured 'flake8' exclude dirs and/or files: 
-- Added test 'lint_cmake' to check CMake code style
-- Added test 'pep257' to check Python code against some of the docstring style conventions in PEP 257
-- Added test 'uncrustify' to check C / C++ code style
-- Configured uncrustify additional arguments: 
-- Added test 'xmllint' to check XML markup files
-- Configuring done (9.5s)
-- Generating done (0.0s)
-- Build files have been written to: /home/micha/RobotArm/ROS_WS/src/build/point_motion
[ 25%] [32mBuilding CXX object CMakeFiles/point_motion.dir/src/point_motion.cpp.o[0m
[ 50%] [32mBuilding CXX object CMakeFiles/point_following_2d.dir/src/point_following_2d.cpp.o[0m
[ 75%] [32m[1mLinking CXX executable point_motion[0m
[ 75%] Built target point_motion
[100%] [32m[1mLinking CXX executable point_following_2d[0m
[100%] Built target point_following_2d
-- Install configuration: ""
-- Installing: /home/micha/RobotArm/ROS_WS/src/install/point_motion/lib/point_motion/point_motion
-- Set non-toolchain portion of runtime path of "/home/micha/RobotArm/ROS_WS/src/install/point_motion/lib/point_motion/point_motion" to ""
-- Installing: /home/micha/RobotArm/ROS_WS/src/install/point_motion/lib/point_motion/point_following_2d
-- Set non-toolchain portion of runtime path of "/home/micha/RobotArm/ROS_WS/src/install/point_motion/lib/point_motion/point_following_2d" to ""
-- Installing: /home/micha/RobotArm/ROS_WS/src/install/point_motion/share/point_motion/launch
-- Installing: /home/micha/RobotArm/ROS_WS/src/install/point_motion/share/point_motion/launch/vision_servo.launch.py
-- Installing: /home/micha/RobotArm/ROS_WS/src/install/point_motion/share/ament_index/resource_index/package_run_dependencies/point_motion
-- Installing: /home/micha/RobotArm/ROS_WS/src/install/point_motion/share/ament_index/resource_index/parent_prefix_path/point_motion
-- Installing: /home/micha/RobotArm/ROS_WS/src/install/point_motion/share/point_motion/environment/ament_prefix_path.sh
-- Installing: /home/micha/RobotArm/ROS_WS/src/install/point_motion/share/point_motion/environment/ament_prefix_path.dsv
-- Installing: /home/micha/RobotArm/ROS_WS/src/install/point_motion/share/point_motion/environment/path.sh
-- Installing: /home/micha/RobotArm/ROS_WS/src/install/point_motion/share/point_motion/environment/path.dsv
-- Installing: /home/micha/RobotArm/ROS_WS/src/install/point_motion/share/point_motion/local_setup.bash
-- Installing: /home/micha/RobotArm/ROS_WS/src/install/point_motion/share/point_motion/local_setup.sh
-- Installing: /home/micha/RobotArm/ROS_WS/src/install/point_motion/share/point_motion/local_setup.zsh
-- Installing: /home/micha/RobotArm/ROS_WS/src/install/point_motion/share/point_motion/local_setup.dsv
-- Installing: /home/micha/RobotArm/ROS_WS/src/install/point_motion/share/point_motion/package.dsv
-- Installing: /home/micha/RobotArm/ROS_WS/src/install/point_motion/share/ament_index/resource_index/packages/point_motion
-- Installing: /home/micha/RobotArm/ROS_WS/src/install/point_motion/share/point_motion/cmake/point_motionConfig.cmake
-- Installing: /home/micha/RobotArm/ROS_WS/src/install/point_motion/share/point_motion/cmake/point_motionConfig-version.cmake
-- Installing: /home/micha/RobotArm/ROS_WS/src/install/point_motion/share/point_motion/package.xml
